Using pre-set license
Built from '2022.3/staging' branch; Version is '2022.3.13f1 (5f90a5ebde0f) revision 6262949'; Using compiler version '192829333'; Build Type 'Release'
OS: 'Windows 11  (10.0.22631) 64bit Professional' Language: 'uk' Physical Memory: 7549 MB
BatchMode: 1, IsHumanControllingUs: 0, StartBugReporterOnCrash: 0, Is64bit: 1, IsPro: 1

COMMAND LINE ARGUMENTS:
C:\Program Files\Unity\Hub\Editor\2022.3.13f1\Editor\Unity.exe
-adb2
-batchMode
-noUpm
-name
AssetImportWorker0
-projectPath
D:/Download/Telegram Desktop/CumStome (2)/CumStome
-logFile
Logs/AssetImportWorker0.log
-srvPort
51613
Successfully changed project path to: D:/Download/Telegram Desktop/CumStome (2)/CumStome
D:/Download/Telegram Desktop/CumStome (2)/CumStome
[UnityMemory] Configuration Parameters - Can be set up in boot.config
    "memorysetup-bucket-allocator-granularity=16"
    "memorysetup-bucket-allocator-bucket-count=8"
    "memorysetup-bucket-allocator-block-size=33554432"
    "memorysetup-bucket-allocator-block-count=8"
    "memorysetup-main-allocator-block-size=16777216"
    "memorysetup-thread-allocator-block-size=16777216"
    "memorysetup-gfx-main-allocator-block-size=16777216"
    "memorysetup-gfx-thread-allocator-block-size=16777216"
    "memorysetup-cache-allocator-block-size=4194304"
    "memorysetup-typetree-allocator-block-size=2097152"
    "memorysetup-profiler-bucket-allocator-granularity=16"
    "memorysetup-profiler-bucket-allocator-bucket-count=8"
    "memorysetup-profiler-bucket-allocator-block-size=33554432"
    "memorysetup-profiler-bucket-allocator-block-count=8"
    "memorysetup-profiler-allocator-block-size=16777216"
    "memorysetup-profiler-editor-allocator-block-size=1048576"
    "memorysetup-temp-allocator-size-main=16777216"
    "memorysetup-job-temp-allocator-block-size=2097152"
    "memorysetup-job-temp-allocator-block-size-background=1048576"
    "memorysetup-job-temp-allocator-reduction-small-platforms=262144"
    "memorysetup-allocator-temp-initial-block-size-main=262144"
    "memorysetup-allocator-temp-initial-block-size-worker=262144"
    "memorysetup-temp-allocator-size-background-worker=32768"
    "memorysetup-temp-allocator-size-job-worker=262144"
    "memorysetup-temp-allocator-size-preload-manager=33554432"
    "memorysetup-temp-allocator-size-nav-mesh-worker=65536"
    "memorysetup-temp-allocator-size-audio-worker=65536"
    "memorysetup-temp-allocator-size-cloud-worker=32768"
    "memorysetup-temp-allocator-size-gi-baking-worker=262144"
    "memorysetup-temp-allocator-size-gfx=262144"
Player connection [13756] Host "[IP] 192.168.0.103 [Port] 0 [Flags] 2 [Guid] 958280533 [EditorId] 958280533 [Version] 1048832 [Id] WindowsEditor(7,DESKTOP-OSA0ULO) [Debug] 1 [PackageName] WindowsEditor [ProjectName] Editor" joined multi-casting on [225.0.0.222:54997]...

Player connection [13756] Host "[IP] 192.168.0.103 [Port] 0 [Flags] 2 [Guid] 958280533 [EditorId] 958280533 [Version] 1048832 [Id] WindowsEditor(7,DESKTOP-OSA0ULO) [Debug] 1 [PackageName] WindowsEditor [ProjectName] Editor" joined alternative multi-casting on [225.0.0.222:34997]...

[Physics::Module] Initialized MultithreadedJobDispatcher with 11 workers.
Refreshing native plugins compatible for Editor in 6.91 ms, found 2 plugins.
Preloading 0 native plugins for Editor in 0.00 ms.
Initialize engine version: 2022.3.13f1 (5f90a5ebde0f)
[Subsystems] Discovering subsystems at path C:/Program Files/Unity/Hub/Editor/2022.3.13f1/Editor/Data/Resources/UnitySubsystems
[Subsystems] Discovering subsystems at path D:/Download/Telegram Desktop/CumStome (2)/CumStome/Assets
GfxDevice: creating device client; threaded=0; jobified=0
Direct3D:
    Version:  Direct3D 11.0 [level 11.1]
    Renderer: NVIDIA GeForce GTX 1650 (ID=0x1f99)
    Vendor:   NVIDIA
    VRAM:     3950 MB
    Driver:   31.0.15.4633
Initialize mono
Mono path[0] = 'C:/Program Files/Unity/Hub/Editor/2022.3.13f1/Editor/Data/Managed'
Mono path[1] = 'C:/Program Files/Unity/Hub/Editor/2022.3.13f1/Editor/Data/MonoBleedingEdge/lib/mono/unityjit-win32'
Mono config path = 'C:/Program Files/Unity/Hub/Editor/2022.3.13f1/Editor/Data/MonoBleedingEdge/etc'
Using monoOptions --debugger-agent=transport=dt_socket,embedding=1,server=y,suspend=n,address=127.0.0.1:56932
Begin MonoManager ReloadAssembly
Registering precompiled unity dll's ...
Register platform support module: C:/Program Files/Unity/Hub/Editor/2022.3.13f1/Editor/Data/PlaybackEngines/WebGLSupport/UnityEditor.WebGL.Extensions.dll
Register platform support module: C:/Program Files/Unity/Hub/Editor/2022.3.13f1/Editor/Data/PlaybackEngines/WindowsStandaloneSupport/UnityEditor.WindowsStandalone.Extensions.dll
Registered in 0.007256 seconds.
- Loaded All Assemblies, in  0.392 seconds
Native extension for WindowsStandalone target not found
Native extension for WebGL target not found
Mono: successfully reloaded assembly
- Finished resetting the current domain, in  0.295 seconds
Domain Reload Profiling: 687ms
	BeginReloadAssembly (114ms)
		ExecutionOrderSort (0ms)
		DisableScriptedObjects (0ms)
		BackupInstance (0ms)
		ReleaseScriptingObjects (0ms)
		CreateAndSetChildDomain (1ms)
	RebuildCommonClasses (39ms)
	RebuildNativeTypeToScriptingClass (12ms)
	initialDomainReloadingComplete (67ms)
	LoadAllAssembliesAndSetupDomain (159ms)
		LoadAssemblies (112ms)
		RebuildTransferFunctionScriptingTraits (0ms)
		AnalyzeDomain (157ms)
			TypeCache.Refresh (156ms)
				TypeCache.ScanAssembly (140ms)
			ScanForSourceGeneratedMonoScriptInfo (0ms)
			ResolveRequiredComponents (1ms)
	FinalizeReload (296ms)
		ReleaseScriptCaches (0ms)
		RebuildScriptCaches (0ms)
		SetupLoadedEditorAssemblies (227ms)
			LogAssemblyErrors (0ms)
			InitializePlatformSupportModulesInManaged (12ms)
			SetLoadedEditorAssemblies (7ms)
			RefreshPlugins (0ms)
			BeforeProcessingInitializeOnLoad (3ms)
			ProcessInitializeOnLoadAttributes (153ms)
			ProcessInitializeOnLoadMethodAttributes (53ms)
			AfterProcessingInitializeOnLoad (0ms)
			EditorAssembliesLoaded (0ms)
		ExecutionOrderSort2 (0ms)
		AwakeInstancesAfterBackupRestoration (0ms)
========================================================================
Worker process is ready to serve import requests
Begin MonoManager ReloadAssembly
- Loaded All Assemblies, in  0.633 seconds
Refreshing native plugins compatible for Editor in 1.41 ms, found 2 plugins.
Native extension for WindowsStandalone target not found
Native extension for WebGL target not found
Package Manager log level set to [2]
[Package Manager] Server::EnsureServerProcessIsRunning -- launch failed, reason: Unity was launched with the -noUpm command-line argument
[Package Manager] UpmClient::Send -- Unable to send message (not connected to UPM process).
[Package Manager] Cannot connect to Unity Package Manager local server
Mono: successfully reloaded assembly
- Finished resetting the current domain, in  0.602 seconds
Domain Reload Profiling: 1234ms
	BeginReloadAssembly (164ms)
		ExecutionOrderSort (0ms)
		DisableScriptedObjects (7ms)
		BackupInstance (0ms)
		ReleaseScriptingObjects (0ms)
		CreateAndSetChildDomain (24ms)
	RebuildCommonClasses (38ms)
	RebuildNativeTypeToScriptingClass (12ms)
	initialDomainReloadingComplete (43ms)
	LoadAllAssembliesAndSetupDomain (375ms)
		LoadAssemblies (361ms)
		RebuildTransferFunctionScriptingTraits (0ms)
		AnalyzeDomain (108ms)
			TypeCache.Refresh (94ms)
				TypeCache.ScanAssembly (78ms)
			ScanForSourceGeneratedMonoScriptInfo (10ms)
			ResolveRequiredComponents (3ms)
	FinalizeReload (603ms)
		ReleaseScriptCaches (0ms)
		RebuildScriptCaches (0ms)
		SetupLoadedEditorAssemblies (428ms)
			LogAssemblyErrors (0ms)
			InitializePlatformSupportModulesInManaged (7ms)
			SetLoadedEditorAssemblies (5ms)
			RefreshPlugins (0ms)
			BeforeProcessingInitializeOnLoad (51ms)
			ProcessInitializeOnLoadAttributes (331ms)
			ProcessInitializeOnLoadMethodAttributes (27ms)
			AfterProcessingInitializeOnLoad (6ms)
			EditorAssembliesLoaded (0ms)
		ExecutionOrderSort2 (0ms)
		AwakeInstancesAfterBackupRestoration (6ms)
Launched and connected shader compiler UnityShaderCompiler.exe after 0.07 seconds
Refreshing native plugins compatible for Editor in 1.72 ms, found 2 plugins.
Preloading 0 native plugins for Editor in 0.00 ms.
Unloading 1443 Unused Serialized files (Serialized files now loaded: 0)
Unloading 26 unused Assets / (55.0 KB). Loaded Objects now: 1912.
Memory consumption went from 87.7 MB to 87.7 MB.
Total: 3.463700 ms (FindLiveObjects: 0.202700 ms CreateObjectMapping: 0.042100 ms MarkObjects: 3.091100 ms  DeleteObjects: 0.124700 ms)

AssetImportParameters requested are different than current active one (requested -> active):
  custom:video-encoder-webm-vp8: eb34c28f22e8b96e1ab97ce403110664 -> 
  custom:video-decoder-webm-vp8: 9c59270c3fd7afecdb556c50c9e8de78 -> 
  custom:audio-decoder-ogg-vorbis: bf7c407c2cedff20999df2af8eb42d56 -> 
  custom:SearchIndexIgnoredProperties: e643bd26f0fe6173181afceb89e7c659 -> 
  custom:container-demuxer-ogg: 62fdf1f143b41e24485cea50d1cbac27 -> 
  custom:AudioImporter_EditorPlatform: d09bf68614088b80899f8185d706f6e7 -> 
  custom:CustomObjectIndexerAttribute: 756ad292c208cfabdd7b50bc23989ffe -> 
  custom:container-demuxer-webm: 4f35f7cbe854078d1ac9338744f61a02 -> 
  custom:video-codec-MediaFoundation-h265: 746d11721c4dcdbdad8f713fa42b33f4 -> 
  custom:video-decoder-ogg-theora: a1e56fd34408186e4bbccfd4996cb3dc -> 
  custom:audio-encoder-webm-vorbis: bf7c407c2cedff20999df2af8eb42d56 -> 
  custom:framework-win-MediaFoundation: 216162199b28c13a410421893ffa2e32 -> 
  custom:container-muxer-webm: aa71ff27fc2769a1b78a27578f13a17b -> 
========================================================================
Received Import Request.
  Time since last request: 106218.524866 seconds.
  path: Assets/Scripts/UpdateScore.cs
  artifactKey: Guid(c0e5a1fe8b39d38449c299608416d228) Importer(815301076,1909f56bfc062723c751e8b465ee728b)
Start importing Assets/Scripts/UpdateScore.cs using Guid(c0e5a1fe8b39d38449c299608416d228) Importer(815301076,1909f56bfc062723c751e8b465ee728b)  -> (artifact id: '6a2db10383dae107809a9d22ff4ec04a') in 0.006688 seconds
Number of updated asset objects reloaded before import = 0
Number of asset objects unloaded after import = 0
========================================================================
Received Import Request.
  Time since last request: 300.501652 seconds.
  path: Assets/Screenshot 2023-05-17 at 18-03-43 image.png (Зображення PNG 505 х 601 пікселів) 1.png
  artifactKey: Guid(2cb20b44c5fb1dc4f8e10e6eea6effba) Importer(2089858483,0ecaa5967403d082aa24f35e1b516d23)
Start importing Assets/Screenshot 2023-05-17 at 18-03-43 image.png (Зображення PNG 505 х 601 пікселів) 1.png using Guid(2cb20b44c5fb1dc4f8e10e6eea6effba) Importer(2089858483,0ecaa5967403d082aa24f35e1b516d23) Generated GUIDs only implemented for interfaces!
 -> (artifact id: 'd92b6dfa8a5ab330acd02a42638544aa') in 0.284336 seconds
Number of updated asset objects reloaded before import = 0
Number of asset objects unloaded after import = 3
========================================================================
Received Import Request.
  Time since last request: 0.000122 seconds.
  path: Assets/Scripts/MenuScr.cs
  artifactKey: Guid(8b1400dc89cb25e43bdc222106200582) Importer(2089858483,0ecaa5967403d082aa24f35e1b516d23)
Start importing Assets/Scripts/MenuScr.cs using Guid(8b1400dc89cb25e43bdc222106200582) Importer(2089858483,0ecaa5967403d082aa24f35e1b516d23) Generated GUIDs only implemented for interfaces!
 -> (artifact id: 'e7e48914a9857397e540999d459c8f56') in 0.005544 seconds
Number of updated asset objects reloaded before import = 0
Number of asset objects unloaded after import = 1
========================================================================
Received Import Request.
  Time since last request: 0.000093 seconds.
  path: Assets/Resources/card.png
  artifactKey: Guid(1d44acb1fc836ac4490d5d93491486d1) Importer(2089858483,0ecaa5967403d082aa24f35e1b516d23)
Start importing Assets/Resources/card.png using Guid(1d44acb1fc836ac4490d5d93491486d1) Importer(2089858483,0ecaa5967403d082aa24f35e1b516d23) Generated GUIDs only implemented for interfaces!
 -> (artifact id: '8f5fae06b844fa436941e409788a0e2d') in 0.024151 seconds
Number of updated asset objects reloaded before import = 0
Number of asset objects unloaded after import = 3
========================================================================
Received Import Request.
  Time since last request: 0.000034 seconds.
  path: Assets/Resources/Jule Vern.png
  artifactKey: Guid(a503461cbfa8deb478e3c0df8393afaa) Importer(2089858483,0ecaa5967403d082aa24f35e1b516d23)
Start importing Assets/Resources/Jule Vern.png using Guid(a503461cbfa8deb478e3c0df8393afaa) Importer(2089858483,0ecaa5967403d082aa24f35e1b516d23) Generated GUIDs only implemented for interfaces!
 -> (artifact id: '9a4023e51c443bffae843114213b8870') in 0.029952 seconds
Number of updated asset objects reloaded before import = 0
Number of asset objects unloaded after import = 3
========================================================================
Received Import Request.
  Time since last request: 0.000028 seconds.
  path: Assets/Resources/gordon 1.jpg
  artifactKey: Guid(009e308a63c3ea4408c410a384e4fce4) Importer(2089858483,0ecaa5967403d082aa24f35e1b516d23)
Start importing Assets/Resources/gordon 1.jpg using Guid(009e308a63c3ea4408c410a384e4fce4) Importer(2089858483,0ecaa5967403d082aa24f35e1b516d23) Generated GUIDs only implemented for interfaces!
 -> (artifact id: '98a622bcfec9bb415b388f80a89cc4f0') in 0.022736 seconds
Number of updated asset objects reloaded before import = 0
Number of asset objects unloaded after import = 3
========================================================================
Received Import Request.
  Time since last request: 0.000024 seconds.
  path: Assets/Scripts/CardManagerScr.cs
  artifactKey: Guid(15aeebb010808d54299cf2ca30a87ff0) Importer(2089858483,0ecaa5967403d082aa24f35e1b516d23)
Start importing Assets/Scripts/CardManagerScr.cs using Guid(15aeebb010808d54299cf2ca30a87ff0) Importer(2089858483,0ecaa5967403d082aa24f35e1b516d23) Generated GUIDs only implemented for interfaces!
 -> (artifact id: 'f323f0cd555fc3b8158ad8fa71823547') in 0.003688 seconds
Number of updated asset objects reloaded before import = 0
Number of asset objects unloaded after import = 1
========================================================================
Received Import Request.
  Time since last request: 0.000072 seconds.
  path: Assets/Resources/Skarlet.jpg
  artifactKey: Guid(2e495fd6fdd6fa34f999a256836dc461) Importer(2089858483,0ecaa5967403d082aa24f35e1b516d23)
Start importing Assets/Resources/Skarlet.jpg using Guid(2e495fd6fdd6fa34f999a256836dc461) Importer(2089858483,0ecaa5967403d082aa24f35e1b516d23) Generated GUIDs only implemented for interfaces!
 -> (artifact id: '18db75438c966e62f74917b6f7a09526') in 0.022054 seconds
Number of updated asset objects reloaded before import = 0
Number of asset objects unloaded after import = 3
========================================================================
Received Import Request.
  Time since last request: 0.000016 seconds.
  path: Assets/Resources/Screenshot 2022-01-13 at 22-08-11 Гордон заставка gta 4.png
  artifactKey: Guid(0022cb0cbbb67214dac7821284070819) Importer(2089858483,0ecaa5967403d082aa24f35e1b516d23)
Start importing Assets/Resources/Screenshot 2022-01-13 at 22-08-11 Гордон заставка gta 4.png using Guid(0022cb0cbbb67214dac7821284070819) Importer(2089858483,0ecaa5967403d082aa24f35e1b516d23) Generated GUIDs only implemented for interfaces!
 -> (artifact id: 'f93d8883c73ab9ec8d601c0c13996410') in 0.024814 seconds
Number of updated asset objects reloaded before import = 0
Number of asset objects unloaded after import = 3
========================================================================
Received Import Request.
  Time since last request: 0.000021 seconds.
  path: Assets/Scripts/CardInfoScr.cs
  artifactKey: Guid(e5f9f8cb68a23864ea7315de9cea6d6e) Importer(2089858483,0ecaa5967403d082aa24f35e1b516d23)
Start importing Assets/Scripts/CardInfoScr.cs using Guid(e5f9f8cb68a23864ea7315de9cea6d6e) Importer(2089858483,0ecaa5967403d082aa24f35e1b516d23) Generated GUIDs only implemented for interfaces!
 -> (artifact id: '6737d4e57e653bb4ba38e04b29d50c71') in 0.003773 seconds
Number of updated asset objects reloaded before import = 0
Number of asset objects unloaded after import = 1
========================================================================
Received Import Request.
  Time since last request: 0.000109 seconds.
  path: Assets/Resources/DOTweenSettings.asset
  artifactKey: Guid(55994208644aebb4eaa050df7bf1e82f) Importer(2089858483,0ecaa5967403d082aa24f35e1b516d23)
Start importing Assets/Resources/DOTweenSettings.asset using Guid(55994208644aebb4eaa050df7bf1e82f) Importer(2089858483,0ecaa5967403d082aa24f35e1b516d23) Generated GUIDs only implemented for interfaces!
 -> (artifact id: '2f7558ed21211474fe47646bfbe9a60f') in 0.026333 seconds
Number of updated asset objects reloaded before import = 0
Number of asset objects unloaded after import = 1
========================================================================
Received Import Request.
  Time since last request: 0.000129 seconds.
  path: Assets/Resources/lose.mp3
  artifactKey: Guid(632cc241f0bee28418e43b01adaa1f77) Importer(2089858483,0ecaa5967403d082aa24f35e1b516d23)
Start importing Assets/Resources/lose.mp3 using Guid(632cc241f0bee28418e43b01adaa1f77) Importer(2089858483,0ecaa5967403d082aa24f35e1b516d23) Generated GUIDs only implemented for interfaces!
 -> (artifact id: 'b827822e278ab76185e06dbc02d2d9cd') in 0.094554 seconds
Number of updated asset objects reloaded before import = 0
Number of asset objects unloaded after import = 1
========================================================================
Received Import Request.
  Time since last request: 0.000044 seconds.
  path: Assets/CCG/Prefabs/Cards/EmptyCard.prefab
  artifactKey: Guid(95ff3520c214ba346b1bcefb4961071e) Importer(2089858483,0ecaa5967403d082aa24f35e1b516d23)
Start importing Assets/CCG/Prefabs/Cards/EmptyCard.prefab using Guid(95ff3520c214ba346b1bcefb4961071e) Importer(2089858483,0ecaa5967403d082aa24f35e1b516d23) Generated GUIDs only implemented for interfaces!
 -> (artifact id: '35114830220fb2be598898130628c199') in 0.036086 seconds
Number of updated asset objects reloaded before import = 0
Number of asset objects unloaded after import = 9
========================================================================
Received Import Request.
  Time since last request: 0.000037 seconds.
  path: Assets/TextMesh Pro/Sprites/EmojiOne.json
  artifactKey: Guid(8f05276190cf498a8153f6cbe761d4e6) Importer(2089858483,0ecaa5967403d082aa24f35e1b516d23)
Start importing Assets/TextMesh Pro/Sprites/EmojiOne.json using Guid(8f05276190cf498a8153f6cbe761d4e6) Importer(2089858483,0ecaa5967403d082aa24f35e1b516d23) Generated GUIDs only implemented for interfaces!
 -> (artifact id: '7e157f73e20e67c0554d9026bf5103df') in 0.004465 seconds
Number of updated asset objects reloaded before import = 0
Number of asset objects unloaded after import = 1
========================================================================
Received Import Request.
  Time since last request: 0.000033 seconds.
  path: Assets/TextMesh Pro/Shaders/TMP_SDF-Mobile Overlay.shader
  artifactKey: Guid(a02a7d8c237544f1962732b55a9aebf1) Importer(2089858483,0ecaa5967403d082aa24f35e1b516d23)
Start importing Assets/TextMesh Pro/Shaders/TMP_SDF-Mobile Overlay.shader using Guid(a02a7d8c237544f1962732b55a9aebf1) Importer(2089858483,0ecaa5967403d082aa24f35e1b516d23) Generated GUIDs only implemented for interfaces!
 -> (artifact id: '4b8321a47ea63e0a5ccfb5a8d5101d11') in 0.015719 seconds
Number of updated asset objects reloaded before import = 0
Number of asset objects unloaded after import = 1
========================================================================
Received Import Request.
  Time since last request: 0.000121 seconds.
  path: Assets/CCG/Prefabs/Cards/Field Hover.prefab
  artifactKey: Guid(272ba0ef8d8a262428f17bbcb8c56ae2) Importer(2089858483,0ecaa5967403d082aa24f35e1b516d23)
Start importing Assets/CCG/Prefabs/Cards/Field Hover.prefab using Guid(272ba0ef8d8a262428f17bbcb8c56ae2) Importer(2089858483,0ecaa5967403d082aa24f35e1b516d23) Generated GUIDs only implemented for interfaces!
 -> (artifact id: '4699ad8d889e37265d79e8976820ce2e') in 0.021947 seconds
Number of updated asset objects reloaded before import = 0
Number of asset objects unloaded after import = 53
========================================================================
Received Import Request.
  Time since last request: 0.000024 seconds.
  path: Assets/Scripts/AttackedCardScr.cs
  artifactKey: Guid(8b3a8cf1812562f4490cea0c3c1394b2) Importer(2089858483,0ecaa5967403d082aa24f35e1b516d23)
Start importing Assets/Scripts/AttackedCardScr.cs using Guid(8b3a8cf1812562f4490cea0c3c1394b2) Importer(2089858483,0ecaa5967403d082aa24f35e1b516d23) Generated GUIDs only implemented for interfaces!
 -> (artifact id: '2a3e4311e04b99e518a99cf114341e44') in 0.003684 seconds
Number of updated asset objects reloaded before import = 0
Number of asset objects unloaded after import = 1
========================================================================
Received Import Request.
  Time since last request: 0.000085 seconds.
  path: Assets/Resources/Guliver.jpg
  artifactKey: Guid(d2ef8911ac2c46940b4e6b2e89a22f60) Importer(2089858483,0ecaa5967403d082aa24f35e1b516d23)
Start importing Assets/Resources/Guliver.jpg using Guid(d2ef8911ac2c46940b4e6b2e89a22f60) Importer(2089858483,0ecaa5967403d082aa24f35e1b516d23) Generated GUIDs only implemented for interfaces!
 -> (artifact id: '83d17e560d6eba7065034027ad655343') in 0.020580 seconds
Number of updated asset objects reloaded before import = 0
Number of asset objects unloaded after import = 3
========================================================================
Received Import Request.
  Time since last request: 0.000025 seconds.
  path: Assets/Resources/иванбуренин-буренин.gif
  artifactKey: Guid(573ddb8f1192e7c489eab067382aa532) Importer(2089858483,0ecaa5967403d082aa24f35e1b516d23)
Start importing Assets/Resources/иванбуренин-буренин.gif using Guid(573ddb8f1192e7c489eab067382aa532) Importer(2089858483,0ecaa5967403d082aa24f35e1b516d23) Generated GUIDs only implemented for interfaces!
 -> (artifact id: '1a3bc18554322bdec6e83f56c2fe0329') in 0.026329 seconds
Number of updated asset objects reloaded before import = 0
Number of asset objects unloaded after import = 3
========================================================================
Received Import Request.
  Time since last request: 0.000018 seconds.
  path: Assets/TextMesh Pro/Sprites/EmojiOne.png
  artifactKey: Guid(dffef66376be4fa480fb02b19edbe903) Importer(2089858483,0ecaa5967403d082aa24f35e1b516d23)
Start importing Assets/TextMesh Pro/Sprites/EmojiOne.png using Guid(dffef66376be4fa480fb02b19edbe903) Importer(2089858483,0ecaa5967403d082aa24f35e1b516d23) Generated GUIDs only implemented for interfaces!
 -> (artifact id: 'ae55c55f238eadcf47c9f59add4b9b66') in 0.035017 seconds
Number of updated asset objects reloaded before import = 0
Number of asset objects unloaded after import = 1
========================================================================
Received Import Request.
  Time since last request: 0.000077 seconds.
  path: Assets/Resources/fireball.jpg
  artifactKey: Guid(459a77140a409e24a84ad9d852c73a5a) Importer(2089858483,0ecaa5967403d082aa24f35e1b516d23)
Start importing Assets/Resources/fireball.jpg using Guid(459a77140a409e24a84ad9d852c73a5a) Importer(2089858483,0ecaa5967403d082aa24f35e1b516d23) Generated GUIDs only implemented for interfaces!
 -> (artifact id: 'c2c3add361989b69f825001e5ba0bed3') in 0.023327 seconds
Number of updated asset objects reloaded before import = 0
Number of asset objects unloaded after import = 3
========================================================================
Received Import Request.
  Time since last request: 0.000022 seconds.
  path: Assets/Scripts/RuleScr.cs
  artifactKey: Guid(222ada4a0b7e16f4b81eda05d1e79665) Importer(2089858483,0ecaa5967403d082aa24f35e1b516d23)
Start importing Assets/Scripts/RuleScr.cs using Guid(222ada4a0b7e16f4b81eda05d1e79665) Importer(2089858483,0ecaa5967403d082aa24f35e1b516d23) Generated GUIDs only implemented for interfaces!
 -> (artifact id: 'c8323a9161ee232318acfcfd6d397d65') in 0.003771 seconds
Number of updated asset objects reloaded before import = 0
Number of asset objects unloaded after import = 1
========================================================================
Received Import Request.
  Time since last request: 0.000060 seconds.
  path: Assets/Resources/kadirov.jpg
  artifactKey: Guid(1666cd8d08050b54b855d57b96d342c2) Importer(2089858483,0ecaa5967403d082aa24f35e1b516d23)
Start importing Assets/Resources/kadirov.jpg using Guid(1666cd8d08050b54b855d57b96d342c2) Importer(2089858483,0ecaa5967403d082aa24f35e1b516d23) Generated GUIDs only implemented for interfaces!
 -> (artifact id: '8398112113c5e17d6a33e6e5d29f1c72') in 0.025123 seconds
Number of updated asset objects reloaded before import = 0
Number of asset objects unloaded after import = 3
========================================================================
Received Import Request.
  Time since last request: 0.000031 seconds.
  path: Assets/TextMesh Pro/Shaders/TMP_Bitmap-Custom-Atlas.shader
  artifactKey: Guid(48bb5f55d8670e349b6e614913f9d910) Importer(2089858483,0ecaa5967403d082aa24f35e1b516d23)
Start importing Assets/TextMesh Pro/Shaders/TMP_Bitmap-Custom-Atlas.shader using Guid(48bb5f55d8670e349b6e614913f9d910) Importer(2089858483,0ecaa5967403d082aa24f35e1b516d23) Generated GUIDs only implemented for interfaces!
 -> (artifact id: 'c6619a2109a146d0cc6f49245b6bb0a3') in 0.006606 seconds
Number of updated asset objects reloaded before import = 0
Number of asset objects unloaded after import = 1
========================================================================
Received Import Request.
  Time since last request: 0.000043 seconds.
  path: Assets/Scenes/Screenshot 2023-05-17 at 18-03-43 image.png (Зображення PNG 505 х 601 пікселів).png
  artifactKey: Guid(4ea20969834fa9b43bb1ff424289a93e) Importer(2089858483,0ecaa5967403d082aa24f35e1b516d23)
Start importing Assets/Scenes/Screenshot 2023-05-17 at 18-03-43 image.png (Зображення PNG 505 х 601 пікселів).png using Guid(4ea20969834fa9b43bb1ff424289a93e) Importer(2089858483,0ecaa5967403d082aa24f35e1b516d23) Generated GUIDs only implemented for interfaces!
 -> (artifact id: '5aae8852c5251aada08c60d233c0b073') in 0.025126 seconds
Number of updated asset objects reloaded before import = 0
Number of asset objects unloaded after import = 3
========================================================================
Received Import Request.
  Time since last request: 0.000021 seconds.
  path: Assets/Scripts/DropPlaceScr.cs
  artifactKey: Guid(9b5ea32ec018e584f92731cabeaa5e26) Importer(2089858483,0ecaa5967403d082aa24f35e1b516d23)
Start importing Assets/Scripts/DropPlaceScr.cs using Guid(9b5ea32ec018e584f92731cabeaa5e26) Importer(2089858483,0ecaa5967403d082aa24f35e1b516d23) Generated GUIDs only implemented for interfaces!
 -> (artifact id: 'e38c859630718573aaa7c55d8f6c15b5') in 0.004234 seconds
Number of updated asset objects reloaded before import = 0
Number of asset objects unloaded after import = 1
========================================================================
Received Import Request.
  Time since last request: 0.000049 seconds.
  path: Assets/Resources/win.mp3
  artifactKey: Guid(6d1f8d9a0a950684680babea736f58f8) Importer(2089858483,0ecaa5967403d082aa24f35e1b516d23)
Start importing Assets/Resources/win.mp3 using Guid(6d1f8d9a0a950684680babea736f58f8) Importer(2089858483,0ecaa5967403d082aa24f35e1b516d23) Generated GUIDs only implemented for interfaces!
 -> (artifact id: '0334fbc5fd3c114737954475a9430210') in 0.081457 seconds
Number of updated asset objects reloaded before import = 0
Number of asset objects unloaded after import = 1
========================================================================
Received Import Request.
  Time since last request: 0.000029 seconds.
  path: Assets/CCG/Prefabs/Arrow/Arrow Head.prefab
  artifactKey: Guid(5459b1d50e1cadd41950b5347495d397) Importer(2089858483,0ecaa5967403d082aa24f35e1b516d23)
Start importing Assets/CCG/Prefabs/Arrow/Arrow Head.prefab using Guid(5459b1d50e1cadd41950b5347495d397) Importer(2089858483,0ecaa5967403d082aa24f35e1b516d23) Generated GUIDs only implemented for interfaces!
 -> (artifact id: '2297c7675994d1c090381c558784ce53') in 0.013652 seconds
Number of updated asset objects reloaded before import = 0
Number of asset objects unloaded after import = 8
========================================================================
Received Import Request.
  Time since last request: 0.000027 seconds.
  path: Assets/Resources/papich-vika.mp3
  artifactKey: Guid(06d2d3b608dd38843941c2764c37d852) Importer(2089858483,0ecaa5967403d082aa24f35e1b516d23)
Start importing Assets/Resources/papich-vika.mp3 using Guid(06d2d3b608dd38843941c2764c37d852) Importer(2089858483,0ecaa5967403d082aa24f35e1b516d23) Generated GUIDs only implemented for interfaces!
 -> (artifact id: '37393be5aa35f070c81000ed7a4589d6') in 0.480268 seconds
Number of updated asset objects reloaded before import = 0
Number of asset objects unloaded after import = 1
========================================================================
Received Import Request.
  Time since last request: 0.000024 seconds.
  path: Assets/CCG/Scenes/Game.unity
  artifactKey: Guid(d40feb2634aa0e24680c1231a7299c85) Importer(2089858483,0ecaa5967403d082aa24f35e1b516d23)
Start importing Assets/CCG/Scenes/Game.unity using Guid(d40feb2634aa0e24680c1231a7299c85) Importer(2089858483,0ecaa5967403d082aa24f35e1b516d23) Generated GUIDs only implemented for interfaces!
 -> (artifact id: '10303c557eb3edb4d929c1a168ba1b19') in 0.002854 seconds
Number of updated asset objects reloaded before import = 0
Number of asset objects unloaded after import = 1
========================================================================
Received Import Request.
  Time since last request: 0.000105 seconds.
  path: Assets/CCG/Prefabs/Cards/Hand Card.prefab
  artifactKey: Guid(c20c3fb3157236548969e48a94ddf8cf) Importer(2089858483,0ecaa5967403d082aa24f35e1b516d23)
Start importing Assets/CCG/Prefabs/Cards/Hand Card.prefab using Guid(c20c3fb3157236548969e48a94ddf8cf) Importer(2089858483,0ecaa5967403d082aa24f35e1b516d23) Generated GUIDs only implemented for interfaces!
 -> (artifact id: 'b331e675500d3e130552d1377dc51784') in 0.012800 seconds
Number of updated asset objects reloaded before import = 0
Number of asset objects unloaded after import = 54
========================================================================
Received Import Request.
  Time since last request: 0.000026 seconds.
  path: Assets/TextMesh Pro/Shaders/TMP_Sprite.shader
  artifactKey: Guid(cf81c85f95fe47e1a27f6ae460cf182c) Importer(2089858483,0ecaa5967403d082aa24f35e1b516d23)
Start importing Assets/TextMesh Pro/Shaders/TMP_Sprite.shader using Guid(cf81c85f95fe47e1a27f6ae460cf182c) Importer(2089858483,0ecaa5967403d082aa24f35e1b516d23) Generated GUIDs only implemented for interfaces!
 -> (artifact id: '0c5af820e59af0aa915508124dfcba64') in 0.005530 seconds
Number of updated asset objects reloaded before import = 0
Number of asset objects unloaded after import = 1
========================================================================
Received Import Request.
  Time since last request: 0.000172 seconds.
  path: Assets/Resources/artworks-ON49USwWt8gY4BHQ-ZSzdQg-t500x500.jpg
  artifactKey: Guid(72848020b07983549a7a9650fdc658cb) Importer(2089858483,0ecaa5967403d082aa24f35e1b516d23)
Start importing Assets/Resources/artworks-ON49USwWt8gY4BHQ-ZSzdQg-t500x500.jpg using Guid(72848020b07983549a7a9650fdc658cb) Importer(2089858483,0ecaa5967403d082aa24f35e1b516d23) Generated GUIDs only implemented for interfaces!
 -> (artifact id: 'd84fcd483982293bc1c5bb50422473ea') in 0.028377 seconds
Number of updated asset objects reloaded before import = 0
Number of asset objects unloaded after import = 3
========================================================================
Received Import Request.
  Time since last request: 0.000023 seconds.
  path: Assets/Resources/EO6FtHwWsAER2R8.jpg
  artifactKey: Guid(c3ea3acc2e41a174db27ef8e33fb6bd5) Importer(2089858483,0ecaa5967403d082aa24f35e1b516d23)
Start importing Assets/Resources/EO6FtHwWsAER2R8.jpg using Guid(c3ea3acc2e41a174db27ef8e33fb6bd5) Importer(2089858483,0ecaa5967403d082aa24f35e1b516d23) Generated GUIDs only implemented for interfaces!
 -> (artifact id: '11afcfce3cd63bef859f6388bd41bc64') in 0.026236 seconds
Number of updated asset objects reloaded before import = 0
Number of asset objects unloaded after import = 3
========================================================================
Received Import Request.
  Time since last request: 0.000020 seconds.
  path: Assets/CCG/Prefabs/Cards/Field Card.prefab
  artifactKey: Guid(66532acc9bfbbe043b5ef65a717193da) Importer(2089858483,0ecaa5967403d082aa24f35e1b516d23)
Start importing Assets/CCG/Prefabs/Cards/Field Card.prefab using Guid(66532acc9bfbbe043b5ef65a717193da) Importer(2089858483,0ecaa5967403d082aa24f35e1b516d23) Generated GUIDs only implemented for interfaces!
 -> (artifact id: '076931a34ad19f89e762c7fbee30f89f') in 0.020060 seconds
Number of updated asset objects reloaded before import = 0
Number of asset objects unloaded after import = 95
========================================================================
Received Import Request.
  Time since last request: 0.000029 seconds.
  path: Assets/TextMesh Pro/Shaders/TMPro_Surface.cginc
  artifactKey: Guid(d930090c0cd643c7b55f19a38538c162) Importer(2089858483,0ecaa5967403d082aa24f35e1b516d23)
Start importing Assets/TextMesh Pro/Shaders/TMPro_Surface.cginc using Guid(d930090c0cd643c7b55f19a38538c162) Importer(2089858483,0ecaa5967403d082aa24f35e1b516d23) Generated GUIDs only implemented for interfaces!
 -> (artifact id: '21ad1cef9148586a45b7bb685359e894') in 0.004485 seconds
Number of updated asset objects reloaded before import = 0
Number of asset objects unloaded after import = 1
========================================================================
Received Import Request.
  Time since last request: 0.000058 seconds.
  path: Assets/TextMesh Pro/Fonts/LiberationSans.ttf
  artifactKey: Guid(e3265ab4bf004d28a9537516768c1c75) Importer(2089858483,0ecaa5967403d082aa24f35e1b516d23)
Start importing Assets/TextMesh Pro/Fonts/LiberationSans.ttf using Guid(e3265ab4bf004d28a9537516768c1c75) Importer(2089858483,0ecaa5967403d082aa24f35e1b516d23) Generated GUIDs only implemented for interfaces!
 -> (artifact id: 'd84e54dcb356475964a1fcfa8a577f4e') in 0.020752 seconds
Number of updated asset objects reloaded before import = 0
Number of asset objects unloaded after import = 3
========================================================================
Received Import Request.
  Time since last request: 0.000029 seconds.
  path: Assets/TextMesh Pro/Shaders/TMP_Bitmap.shader
  artifactKey: Guid(128e987d567d4e2c824d754223b3f3b0) Importer(2089858483,0ecaa5967403d082aa24f35e1b516d23)
Start importing Assets/TextMesh Pro/Shaders/TMP_Bitmap.shader using Guid(128e987d567d4e2c824d754223b3f3b0) Importer(2089858483,0ecaa5967403d082aa24f35e1b516d23) Generated GUIDs only implemented for interfaces!
 -> (artifact id: '226f511b96ae0f73a35c772340f97904') in 0.004864 seconds
Number of updated asset objects reloaded before import = 0
Number of asset objects unloaded after import = 1
========================================================================
Received Import Request.
  Time since last request: 0.000087 seconds.
  path: Assets/Resources/Screenshot 2023-06-20 at 16-33-51 harosh – Пошук Google.png
  artifactKey: Guid(600e7ff25f64d6c4686d785167156b7c) Importer(2089858483,0ecaa5967403d082aa24f35e1b516d23)
Start importing Assets/Resources/Screenshot 2023-06-20 at 16-33-51 harosh – Пошук Google.png using Guid(600e7ff25f64d6c4686d785167156b7c) Importer(2089858483,0ecaa5967403d082aa24f35e1b516d23) Generated GUIDs only implemented for interfaces!
 -> (artifact id: '8042c0f8b74ae9ead531768cf24eda28') in 0.026955 seconds
Number of updated asset objects reloaded before import = 0
Number of asset objects unloaded after import = 3
========================================================================
Received Import Request.
  Time since last request: 0.000023 seconds.
  path: Assets/CCG/Sprites/Icons/CardsHandIcon.png
  artifactKey: Guid(c0672b311b20247babf4cc78f9b40dc5) Importer(2089858483,0ecaa5967403d082aa24f35e1b516d23)
Start importing Assets/CCG/Sprites/Icons/CardsHandIcon.png using Guid(c0672b311b20247babf4cc78f9b40dc5) Importer(2089858483,0ecaa5967403d082aa24f35e1b516d23) Generated GUIDs only implemented for interfaces!
 -> (artifact id: '2a484ec0245d510a4bd9d4f982dd7089') in 0.022814 seconds
Number of updated asset objects reloaded before import = 0
Number of asset objects unloaded after import = 3
========================================================================
Received Import Request.
  Time since last request: 0.000433 seconds.
  path: Assets/CCG/Sprites/Images/412.png
  artifactKey: Guid(0e1ef139a5c197a4aacaa507cea14bc7) Importer(2089858483,0ecaa5967403d082aa24f35e1b516d23)
Start importing Assets/CCG/Sprites/Images/412.png using Guid(0e1ef139a5c197a4aacaa507cea14bc7) Importer(2089858483,0ecaa5967403d082aa24f35e1b516d23) Generated GUIDs only implemented for interfaces!
 -> (artifact id: '8ddab94f70dbf6b796bc323d0d2353cb') in 0.028474 seconds
Number of updated asset objects reloaded before import = 0
Number of asset objects unloaded after import = 3
========================================================================
Received Import Request.
  Time since last request: 0.000036 seconds.
  path: Assets/CCG/Sprites/Images/33.png
  artifactKey: Guid(2feb4117194fe924ea3fc4f523d7fc00) Importer(2089858483,0ecaa5967403d082aa24f35e1b516d23)
Start importing Assets/CCG/Sprites/Images/33.png using Guid(2feb4117194fe924ea3fc4f523d7fc00) Importer(2089858483,0ecaa5967403d082aa24f35e1b516d23) Generated GUIDs only implemented for interfaces!
 -> (artifact id: '41e10088224e25dc50d385bf2b12fefc') in 0.025397 seconds
Number of updated asset objects reloaded before import = 0
Number of asset objects unloaded after import = 3
========================================================================
Received Import Request.
  Time since last request: 0.000036 seconds.
  path: Assets/CCG/Sprites/Images/27.png
  artifactKey: Guid(7a817266b6106d14a866ea80a26fe788) Importer(2089858483,0ecaa5967403d082aa24f35e1b516d23)
Start importing Assets/CCG/Sprites/Images/27.png using Guid(7a817266b6106d14a866ea80a26fe788) Importer(2089858483,0ecaa5967403d082aa24f35e1b516d23) Generated GUIDs only implemented for interfaces!
 -> (artifact id: '827206ec16348bf3986890cb65f9b535') in 0.027727 seconds
Number of updated asset objects reloaded before import = 0
Number of asset objects unloaded after import = 3
========================================================================
Received Import Request.
  Time since last request: 0.000020 seconds.
  path: Assets/CCG/Sprites/Images/444.png
  artifactKey: Guid(a7e1157410e20a04e8a375729458816b) Importer(2089858483,0ecaa5967403d082aa24f35e1b516d23)
Start importing Assets/CCG/Sprites/Images/444.png using Guid(a7e1157410e20a04e8a375729458816b) Importer(2089858483,0ecaa5967403d082aa24f35e1b516d23) Generated GUIDs only implemented for interfaces!
 -> (artifact id: 'e994487adc969523521a20f204ce2f6d') in 0.027454 seconds
Number of updated asset objects reloaded before import = 0
Number of asset objects unloaded after import = 3
========================================================================
Received Import Request.
  Time since last request: 0.000024 seconds.
  path: Assets/CCG/Sprites/Images/500.png
  artifactKey: Guid(00350960c8bda434fb2e0b4157210140) Importer(2089858483,0ecaa5967403d082aa24f35e1b516d23)
Start importing Assets/CCG/Sprites/Images/500.png using Guid(00350960c8bda434fb2e0b4157210140) Importer(2089858483,0ecaa5967403d082aa24f35e1b516d23) Generated GUIDs only implemented for interfaces!
 -> (artifact id: '3b2eb2e04bca4f15f7162ae62b6eb932') in 0.025587 seconds
Number of updated asset objects reloaded before import = 0
Number of asset objects unloaded after import = 3
========================================================================
Received Import Request.
  Time since last request: 0.007416 seconds.
  path: Assets/CCG/Sprites/Images/455.png
  artifactKey: Guid(97560d3f234d0d34bb8b4d8785bf7f2f) Importer(2089858483,0ecaa5967403d082aa24f35e1b516d23)
Start importing Assets/CCG/Sprites/Images/455.png using Guid(97560d3f234d0d34bb8b4d8785bf7f2f) Importer(2089858483,0ecaa5967403d082aa24f35e1b516d23) Generated GUIDs only implemented for interfaces!
 -> (artifact id: '7648d587bde6869b0477de8ea48167ed') in 0.024053 seconds
Number of updated asset objects reloaded before import = 0
Number of asset objects unloaded after import = 3
========================================================================
Received Import Request.
  Time since last request: 0.000021 seconds.
  path: Assets/CCG/Sprites/Images/17.png
  artifactKey: Guid(e9d893ccd45d8c446b14e71d79e36e30) Importer(2089858483,0ecaa5967403d082aa24f35e1b516d23)
Start importing Assets/CCG/Sprites/Images/17.png using Guid(e9d893ccd45d8c446b14e71d79e36e30) Importer(2089858483,0ecaa5967403d082aa24f35e1b516d23) Generated GUIDs only implemented for interfaces!
 -> (artifact id: '67f20f830df04fabedb72e0fe237ae96') in 0.025443 seconds
Number of updated asset objects reloaded before import = 0
Number of asset objects unloaded after import = 3
========================================================================
Received Import Request.
  Time since last request: 0.000025 seconds.
  path: Assets/CCG/Sprites/Cards/SpellOverlay.png
  artifactKey: Guid(4bd682fec17e0e746aaa43e41ca75250) Importer(2089858483,0ecaa5967403d082aa24f35e1b516d23)
Start importing Assets/CCG/Sprites/Cards/SpellOverlay.png using Guid(4bd682fec17e0e746aaa43e41ca75250) Importer(2089858483,0ecaa5967403d082aa24f35e1b516d23) Generated GUIDs only implemented for interfaces!
 -> (artifact id: '0ce853ab3f445c877b3f25fcabf810eb') in 0.028217 seconds
Number of updated asset objects reloaded before import = 0
Number of asset objects unloaded after import = 3
========================================================================
Received Import Request.
  Time since last request: 0.000015 seconds.
  path: Assets/CCG/Sprites/Cards/BoardShine3.png
  artifactKey: Guid(8776f9e084382924891683588e080b66) Importer(2089858483,0ecaa5967403d082aa24f35e1b516d23)
Start importing Assets/CCG/Sprites/Cards/BoardShine3.png using Guid(8776f9e084382924891683588e080b66) Importer(2089858483,0ecaa5967403d082aa24f35e1b516d23) Generated GUIDs only implemented for interfaces!
 -> (artifact id: 'ed433cb8f89400f2590cc49d26a4c6d1') in 0.023743 seconds
Number of updated asset objects reloaded before import = 0
Number of asset objects unloaded after import = 3
========================================================================
Received Import Request.
  Time since last request: 0.000021 seconds.
  path: Assets/Resources/buff.png
  artifactKey: Guid(5da889397490da340948b2ec860c779d) Importer(2089858483,0ecaa5967403d082aa24f35e1b516d23)
Start importing Assets/Resources/buff.png using Guid(5da889397490da340948b2ec860c779d) Importer(2089858483,0ecaa5967403d082aa24f35e1b516d23) Generated GUIDs only implemented for interfaces!
 -> (artifact id: '544fef92b636ecd6c3d89c07694bd1ba') in 0.029954 seconds
Number of updated asset objects reloaded before import = 0
Number of asset objects unloaded after import = 3
========================================================================
Received Import Request.
  Time since last request: 0.000038 seconds.
  path: Assets/Resources/Ruriair-[AudioTrimmer.com].mp3
  artifactKey: Guid(439a3956166876c40adce675192e2d7b) Importer(2089858483,0ecaa5967403d082aa24f35e1b516d23)
Start importing Assets/Resources/Ruriair-[AudioTrimmer.com].mp3 using Guid(439a3956166876c40adce675192e2d7b) Importer(2089858483,0ecaa5967403d082aa24f35e1b516d23) Generated GUIDs only implemented for interfaces!
 -> (artifact id: 'dae8e8eb56e985884375de0d6615fb8d') in 0.542309 seconds
Number of updated asset objects reloaded before import = 0
Number of asset objects unloaded after import = 1
========================================================================
Received Import Request.
  Time since last request: 0.000044 seconds.
  path: Assets/Scenes/menu.unity
  artifactKey: Guid(e3a6875642943b14ea401f975fca3ce0) Importer(2089858483,0ecaa5967403d082aa24f35e1b516d23)
Start importing Assets/Scenes/menu.unity using Guid(e3a6875642943b14ea401f975fca3ce0) Importer(2089858483,0ecaa5967403d082aa24f35e1b516d23) Generated GUIDs only implemented for interfaces!
 -> (artifact id: 'fa4fdc1675fa3b0635193e897d6ba766') in 0.002850 seconds
Number of updated asset objects reloaded before import = 0
Number of asset objects unloaded after import = 1
========================================================================
Received Import Request.
  Time since last request: 0.000082 seconds.
  path: Assets/CCG/Sprites/Cards/BoardShine2.png
  artifactKey: Guid(8f4483f8c568c224ba95dcba0cfe0f92) Importer(2089858483,0ecaa5967403d082aa24f35e1b516d23)
Start importing Assets/CCG/Sprites/Cards/BoardShine2.png using Guid(8f4483f8c568c224ba95dcba0cfe0f92) Importer(2089858483,0ecaa5967403d082aa24f35e1b516d23) Generated GUIDs only implemented for interfaces!
 -> (artifact id: 'fcc1a7379a8b53340ed493959189808b') in 0.027129 seconds
Number of updated asset objects reloaded before import = 0
Number of asset objects unloaded after import = 3
========================================================================
Received Import Request.
  Time since last request: 0.000027 seconds.
  path: Assets/CCG/Sprites/Arrow/target.png
  artifactKey: Guid(5a3a04e5ec43c4c4c9cef153be98af0c) Importer(2089858483,0ecaa5967403d082aa24f35e1b516d23)
Start importing Assets/CCG/Sprites/Arrow/target.png using Guid(5a3a04e5ec43c4c4c9cef153be98af0c) Importer(2089858483,0ecaa5967403d082aa24f35e1b516d23) Generated GUIDs only implemented for interfaces!
 -> (artifact id: '19895a87023ffa1379827f0eed323639') in 0.027934 seconds
Number of updated asset objects reloaded before import = 0
Number of asset objects unloaded after import = 3
========================================================================
Received Import Request.
  Time since last request: 0.000027 seconds.
  path: Assets/CCG/Sprites/Images/389.png
  artifactKey: Guid(09e865c14ef7a6842aef479a466543a4) Importer(2089858483,0ecaa5967403d082aa24f35e1b516d23)
Start importing Assets/CCG/Sprites/Images/389.png using Guid(09e865c14ef7a6842aef479a466543a4) Importer(2089858483,0ecaa5967403d082aa24f35e1b516d23) Generated GUIDs only implemented for interfaces!
 -> (artifact id: 'eea805af4d173d1d0b078fce34187aef') in 0.025698 seconds
Number of updated asset objects reloaded before import = 0
Number of asset objects unloaded after import = 3
========================================================================
Received Import Request.
  Time since last request: 0.000037 seconds.
  path: Assets/Plugins/Demigiant/DOTween/Editor/DOTweenEditor.dll.mdb
  artifactKey: Guid(8f46310a8b0a8f04a92993c37c713243) Importer(2089858483,0ecaa5967403d082aa24f35e1b516d23)
Start importing Assets/Plugins/Demigiant/DOTween/Editor/DOTweenEditor.dll.mdb using Guid(8f46310a8b0a8f04a92993c37c713243) Importer(2089858483,0ecaa5967403d082aa24f35e1b516d23) Generated GUIDs only implemented for interfaces!
 -> (artifact id: '5032899c37a74ec575c0a4bb1a880325') in 0.003923 seconds
Number of updated asset objects reloaded before import = 0
Number of asset objects unloaded after import = 1
========================================================================
Received Import Request.
  Time since last request: 0.000089 seconds.
  path: Assets/TextMesh Pro/Resources/Fonts & Materials/LiberationSans SDF.asset
  artifactKey: Guid(8f586378b4e144a9851e7b34d9b748ee) Importer(2089858483,0ecaa5967403d082aa24f35e1b516d23)
Start importing Assets/TextMesh Pro/Resources/Fonts & Materials/LiberationSans SDF.asset using Guid(8f586378b4e144a9851e7b34d9b748ee) Importer(2089858483,0ecaa5967403d082aa24f35e1b516d23) Generated GUIDs only implemented for interfaces!
 -> (artifact id: 'f870a77b5f7772ad5609b32789cca4e2') in 0.050994 seconds
Number of updated asset objects reloaded before import = 0
Number of asset objects unloaded after import = 8
========================================================================
Received Import Request.
  Time since last request: 0.000019 seconds.
  path: Assets/Resources/Gamlet.jpg
  artifactKey: Guid(1f72adaa12b3d284c9928d2bcb8649b5) Importer(2089858483,0ecaa5967403d082aa24f35e1b516d23)
Start importing Assets/Resources/Gamlet.jpg using Guid(1f72adaa12b3d284c9928d2bcb8649b5) Importer(2089858483,0ecaa5967403d082aa24f35e1b516d23) Generated GUIDs only implemented for interfaces!
 -> (artifact id: 'fa2bc95cf3458f51bba2a89fc516582b') in 0.024771 seconds
Number of updated asset objects reloaded before import = 0
Number of asset objects unloaded after import = 3
========================================================================
Received Import Request.
  Time since last request: 0.000023 seconds.
  path: Assets/Resources/Tom.jpg
  artifactKey: Guid(6ac9c7a74c1df3a4f8cecaead975b9b6) Importer(2089858483,0ecaa5967403d082aa24f35e1b516d23)
Start importing Assets/Resources/Tom.jpg using Guid(6ac9c7a74c1df3a4f8cecaead975b9b6) Importer(2089858483,0ecaa5967403d082aa24f35e1b516d23) Generated GUIDs only implemented for interfaces!
 -> (artifact id: 'ac3affc08111fb3c76191404aa971a24') in 0.021415 seconds
Number of updated asset objects reloaded before import = 0
Number of asset objects unloaded after import = 3
========================================================================
Received Import Request.
  Time since last request: 0.000018 seconds.
  path: Assets/Scenes/scene.unity
  artifactKey: Guid(efc3044bdb9a2a047bbe4fb794809af2) Importer(2089858483,0ecaa5967403d082aa24f35e1b516d23)
Start importing Assets/Scenes/scene.unity using Guid(efc3044bdb9a2a047bbe4fb794809af2) Importer(2089858483,0ecaa5967403d082aa24f35e1b516d23) Generated GUIDs only implemented for interfaces!
 -> (artifact id: 'd451e4d0c2d5085a30507fd8dec410fe') in 0.002512 seconds
Number of updated asset objects reloaded before import = 0
Number of asset objects unloaded after import = 1
========================================================================
Received Import Request.
  Time since last request: 0.000113 seconds.
  path: Assets/Resources/Nike.png
  artifactKey: Guid(edd9573fa7e714d46bcf8fef9996b3aa) Importer(2089858483,0ecaa5967403d082aa24f35e1b516d23)
Start importing Assets/Resources/Nike.png using Guid(edd9573fa7e714d46bcf8fef9996b3aa) Importer(2089858483,0ecaa5967403d082aa24f35e1b516d23) Generated GUIDs only implemented for interfaces!
 -> (artifact id: 'ed69bccec94c7935589985da6e757cac') in 0.026245 seconds
Number of updated asset objects reloaded before import = 0
Number of asset objects unloaded after import = 3
========================================================================
Received Import Request.
  Time since last request: 0.000030 seconds.
  path: Assets/Scripts/SpellTargetScr.cs
  artifactKey: Guid(5272009f74b3ea540bc9d8c4d10fa0ae) Importer(2089858483,0ecaa5967403d082aa24f35e1b516d23)
Start importing Assets/Scripts/SpellTargetScr.cs using Guid(5272009f74b3ea540bc9d8c4d10fa0ae) Importer(2089858483,0ecaa5967403d082aa24f35e1b516d23) Generated GUIDs only implemented for interfaces!
 -> (artifact id: '90385d347e1af56d6c694fbfd3ca6395') in 0.003726 seconds
Number of updated asset objects reloaded before import = 0
Number of asset objects unloaded after import = 1
========================================================================
Received Import Request.
  Time since last request: 0.000055 seconds.
  path: Assets/CCG/Sprites/Images/452.png
  artifactKey: Guid(d196d8dbd27228246a74173e670a1bd8) Importer(2089858483,0ecaa5967403d082aa24f35e1b516d23)
Start importing Assets/CCG/Sprites/Images/452.png using Guid(d196d8dbd27228246a74173e670a1bd8) Importer(2089858483,0ecaa5967403d082aa24f35e1b516d23) Generated GUIDs only implemented for interfaces!
 -> (artifact id: '03406e7d5e13b8f333d33077883f5b8f') in 0.023789 seconds
Number of updated asset objects reloaded before import = 0
Number of asset objects unloaded after import = 3
========================================================================
Received Import Request.
  Time since last request: 0.000031 seconds.
  path: Assets/PreFabs/CardPref 1.prefab
  artifactKey: Guid(cbf68158243526b47a2f8c809f98ffee) Importer(2089858483,0ecaa5967403d082aa24f35e1b516d23)
Start importing Assets/PreFabs/CardPref 1.prefab using Guid(cbf68158243526b47a2f8c809f98ffee) Importer(2089858483,0ecaa5967403d082aa24f35e1b516d23) Generated GUIDs only implemented for interfaces!
 -> (artifact id: '15069d83fa08e9377958714dbc126153') in 0.013014 seconds
Number of updated asset objects reloaded before import = 0
Number of asset objects unloaded after import = 64
========================================================================
Received Import Request.
  Time since last request: 0.000020 seconds.
  path: Assets/PreFabs/CardPref.prefab
  artifactKey: Guid(957f6f3fa9f9b5c4ca06b9e5106527b2) Importer(2089858483,0ecaa5967403d082aa24f35e1b516d23)
Start importing Assets/PreFabs/CardPref.prefab using Guid(957f6f3fa9f9b5c4ca06b9e5106527b2) Importer(2089858483,0ecaa5967403d082aa24f35e1b516d23) Generated GUIDs only implemented for interfaces!
 -> (artifact id: '4a3e75d7dd82d4b13b37cd467eba4245') in 0.015851 seconds
Number of updated asset objects reloaded before import = 0
Number of asset objects unloaded after import = 55
========================================================================
Received Import Request.
  Time since last request: 0.000021 seconds.
  path: Assets/CCG/Sprites/Cardbacks/Card_shirt_04.png
  artifactKey: Guid(5915cdc174101e540b3349e21ee2cd74) Importer(2089858483,0ecaa5967403d082aa24f35e1b516d23)
Start importing Assets/CCG/Sprites/Cardbacks/Card_shirt_04.png using Guid(5915cdc174101e540b3349e21ee2cd74) Importer(2089858483,0ecaa5967403d082aa24f35e1b516d23) Generated GUIDs only implemented for interfaces!
 -> (artifact id: '91cc325bb3f095c52a2c97228ebc67b4') in 0.038317 seconds
Number of updated asset objects reloaded before import = 0
Number of asset objects unloaded after import = 3
========================================================================
Received Import Request.
  Time since last request: 0.000023 seconds.
  path: Assets/PreFabs/CardPref 1 1 1.prefab
  artifactKey: Guid(c310f47298993af48a6aa829b5823799) Importer(2089858483,0ecaa5967403d082aa24f35e1b516d23)
Start importing Assets/PreFabs/CardPref 1 1 1.prefab using Guid(c310f47298993af48a6aa829b5823799) Importer(2089858483,0ecaa5967403d082aa24f35e1b516d23) Generated GUIDs only implemented for interfaces!
 -> (artifact id: 'e11b76f04c41bb8330bb091d47401dc8') in 0.010944 seconds
Number of updated asset objects reloaded before import = 0
Number of asset objects unloaded after import = 31
========================================================================
Received Import Request.
  Time since last request: 0.000023 seconds.
  path: Assets/Resources/2909817.png
  artifactKey: Guid(24bc1706f3d76254a980e256995ed6ac) Importer(2089858483,0ecaa5967403d082aa24f35e1b516d23)
Start importing Assets/Resources/2909817.png using Guid(24bc1706f3d76254a980e256995ed6ac) Importer(2089858483,0ecaa5967403d082aa24f35e1b516d23) Generated GUIDs only implemented for interfaces!
 -> (artifact id: '600c8e0f87082d4e9be4270668bc78c8') in 0.024713 seconds
Number of updated asset objects reloaded before import = 0
Number of asset objects unloaded after import = 3
========================================================================
Received Import Request.
  Time since last request: 0.000020 seconds.
  path: Assets/CCG/Sprites/Images/410.png
  artifactKey: Guid(22148632b55e24a4094fde9d0acde1db) Importer(2089858483,0ecaa5967403d082aa24f35e1b516d23)
Start importing Assets/CCG/Sprites/Images/410.png using Guid(22148632b55e24a4094fde9d0acde1db) Importer(2089858483,0ecaa5967403d082aa24f35e1b516d23) Generated GUIDs only implemented for interfaces!
 -> (artifact id: '01b8ac71acbc64525259076c3e72f916') in 0.024562 seconds
Number of updated asset objects reloaded before import = 0
Number of asset objects unloaded after import = 3
========================================================================
Received Import Request.
  Time since last request: 0.000017 seconds.
  path: Assets/Resources/billy.jpg
  artifactKey: Guid(e5ee88c44aef2bc45b229f1049b4f76f) Importer(2089858483,0ecaa5967403d082aa24f35e1b516d23)
Start importing Assets/Resources/billy.jpg using Guid(e5ee88c44aef2bc45b229f1049b4f76f) Importer(2089858483,0ecaa5967403d082aa24f35e1b516d23) Generated GUIDs only implemented for interfaces!
 -> (artifact id: '6a5557cdce29325c17f8e9d9f22a141d') in 0.022349 seconds
Number of updated asset objects reloaded before import = 0
Number of asset objects unloaded after import = 3
========================================================================
Received Import Request.
  Time since last request: 0.000020 seconds.
  path: Assets/CCG/Sprites/Images/269.png
  artifactKey: Guid(dea93a1aa3a3f324f90f01ee0c50756a) Importer(2089858483,0ecaa5967403d082aa24f35e1b516d23)
Start importing Assets/CCG/Sprites/Images/269.png using Guid(dea93a1aa3a3f324f90f01ee0c50756a) Importer(2089858483,0ecaa5967403d082aa24f35e1b516d23) Generated GUIDs only implemented for interfaces!
 -> (artifact id: 'f940e8e356545946357fb13f5dd09aed') in 0.023622 seconds
Number of updated asset objects reloaded before import = 0
Number of asset objects unloaded after import = 3
========================================================================
Received Import Request.
  Time since last request: 0.000028 seconds.
  path: Assets/Resources/Sherlok.jpg
  artifactKey: Guid(55ab16a31f313b7469fe2023fb858e14) Importer(2089858483,0ecaa5967403d082aa24f35e1b516d23)
Start importing Assets/Resources/Sherlok.jpg using Guid(55ab16a31f313b7469fe2023fb858e14) Importer(2089858483,0ecaa5967403d082aa24f35e1b516d23) Generated GUIDs only implemented for interfaces!
 -> (artifact id: '5eb31ca6e1218bd2138302b16a65e9e1') in 0.027574 seconds
Number of updated asset objects reloaded before import = 0
Number of asset objects unloaded after import = 3
========================================================================
Received Import Request.
  Time since last request: 0.000024 seconds.
  path: Assets/TextMesh Pro/Shaders/TMP_SDF-Surface.shader
  artifactKey: Guid(f7ada0af4f174f0694ca6a487b8f543d) Importer(2089858483,0ecaa5967403d082aa24f35e1b516d23)
Start importing Assets/TextMesh Pro/Shaders/TMP_SDF-Surface.shader using Guid(f7ada0af4f174f0694ca6a487b8f543d) Importer(2089858483,0ecaa5967403d082aa24f35e1b516d23) Generated GUIDs only implemented for interfaces!
 -> (artifact id: '78edb139609fb8c61d1ee929f27da24d') in 0.009691 seconds
Number of updated asset objects reloaded before import = 0
Number of asset objects unloaded after import = 1
========================================================================
Received Import Request.
  Time since last request: 0.000096 seconds.
  path: Assets/Resources/Screenshot 2023-06-20 at 16-58-33 харош – Пошук Google.png
  artifactKey: Guid(6abcf8639d37386468abd9177cb31060) Importer(2089858483,0ecaa5967403d082aa24f35e1b516d23)
Start importing Assets/Resources/Screenshot 2023-06-20 at 16-58-33 харош – Пошук Google.png using Guid(6abcf8639d37386468abd9177cb31060) Importer(2089858483,0ecaa5967403d082aa24f35e1b516d23) Generated GUIDs only implemented for interfaces!
 -> (artifact id: '8263540e4f60828cee6d3cd6813d737c') in 0.029733 seconds
Number of updated asset objects reloaded before import = 0
Number of asset objects unloaded after import = 3
========================================================================
Received Import Request.
  Time since last request: 0.000037 seconds.
  path: Assets/Scripts/ChangeAvatarScr.cs
  artifactKey: Guid(803c6fcd4480e454097c38d7e7bf96cb) Importer(2089858483,0ecaa5967403d082aa24f35e1b516d23)
Start importing Assets/Scripts/ChangeAvatarScr.cs using Guid(803c6fcd4480e454097c38d7e7bf96cb) Importer(2089858483,0ecaa5967403d082aa24f35e1b516d23) Generated GUIDs only implemented for interfaces!
 -> (artifact id: '92d36b9c08300b8652803e332bd65fdd') in 0.004439 seconds
Number of updated asset objects reloaded before import = 0
Number of asset objects unloaded after import = 1
========================================================================
Received Import Request.
  Time since last request: 0.000103 seconds.
  path: Assets/CCG/Prefabs/UI/PlayerField.prefab
  artifactKey: Guid(1e76d31d756701d47a942888aa5d01d2) Importer(2089858483,0ecaa5967403d082aa24f35e1b516d23)
Start importing Assets/CCG/Prefabs/UI/PlayerField.prefab using Guid(1e76d31d756701d47a942888aa5d01d2) Importer(2089858483,0ecaa5967403d082aa24f35e1b516d23) Generated GUIDs only implemented for interfaces!
 -> (artifact id: '04f6b4932cd8f191f7a0212db6f1b1a9') in 0.009737 seconds
Number of updated asset objects reloaded before import = 0
Number of asset objects unloaded after import = 10
========================================================================
Received Import Request.
  Time since last request: 0.000027 seconds.
  path: Assets/Scripts/TipsScript.cs
  artifactKey: Guid(f0c0e29267760434b9e3c1e07e07c795) Importer(2089858483,0ecaa5967403d082aa24f35e1b516d23)
Start importing Assets/Scripts/TipsScript.cs using Guid(f0c0e29267760434b9e3c1e07e07c795) Importer(2089858483,0ecaa5967403d082aa24f35e1b516d23) Generated GUIDs only implemented for interfaces!
 -> (artifact id: 'ea14d7d4cccee3e7c11018547e18d170') in 0.004095 seconds
Number of updated asset objects reloaded before import = 0
Number of asset objects unloaded after import = 1
========================================================================
Received Import Request.
  Time since last request: 0.000437 seconds.
  path: Assets/CCG/Sprites/Images/35.png
  artifactKey: Guid(41eed804a8a16e049bd87b0ff37fb19c) Importer(2089858483,0ecaa5967403d082aa24f35e1b516d23)
Start importing Assets/CCG/Sprites/Images/35.png using Guid(41eed804a8a16e049bd87b0ff37fb19c) Importer(2089858483,0ecaa5967403d082aa24f35e1b516d23) Generated GUIDs only implemented for interfaces!
 -> (artifact id: '20f4365ef4b761c1cee13638da8abd75') in 0.027134 seconds
Number of updated asset objects reloaded before import = 0
Number of asset objects unloaded after import = 3
========================================================================
Received Import Request.
  Time since last request: 0.000025 seconds.
  path: Assets/Plugins/Demigiant/DOTween/Modules/DOTweenModuleUI.cs
  artifactKey: Guid(a060394c03331a64392db53a10e7f2d1) Importer(2089858483,0ecaa5967403d082aa24f35e1b516d23)
Start importing Assets/Plugins/Demigiant/DOTween/Modules/DOTweenModuleUI.cs using Guid(a060394c03331a64392db53a10e7f2d1) Importer(2089858483,0ecaa5967403d082aa24f35e1b516d23) Generated GUIDs only implemented for interfaces!
 -> (artifact id: '910c4f834076b4c6073891fbda510143') in 0.006474 seconds
Number of updated asset objects reloaded before import = 0
Number of asset objects unloaded after import = 1
========================================================================
Received Import Request.
  Time since last request: 0.000057 seconds.
  path: Assets/CCG/Sprites/Images/214.png
  artifactKey: Guid(092929b7967a996478bb57510ba36b1e) Importer(2089858483,0ecaa5967403d082aa24f35e1b516d23)
Start importing Assets/CCG/Sprites/Images/214.png using Guid(092929b7967a996478bb57510ba36b1e) Importer(2089858483,0ecaa5967403d082aa24f35e1b516d23) Generated GUIDs only implemented for interfaces!
 -> (artifact id: '6c7aa816a5fdff6728d6d5d50445511f') in 0.024732 seconds
Number of updated asset objects reloaded before import = 0
Number of asset objects unloaded after import = 3
========================================================================
Received Import Request.
  Time since last request: 0.000030 seconds.
  path: Assets/Scripts/SavesManager.cs
  artifactKey: Guid(694eb9e1f49df5147bb17360d42faad1) Importer(2089858483,0ecaa5967403d082aa24f35e1b516d23)
Start importing Assets/Scripts/SavesManager.cs using Guid(694eb9e1f49df5147bb17360d42faad1) Importer(2089858483,0ecaa5967403d082aa24f35e1b516d23) Generated GUIDs only implemented for interfaces!
 -> (artifact id: 'e9b87cea0094b284c4b6571da2934573') in 0.005468 seconds
Number of updated asset objects reloaded before import = 0
Number of asset objects unloaded after import = 1
========================================================================
Received Import Request.
  Time since last request: 0.000074 seconds.
  path: Assets/Plugins/Demigiant/DOTween/Modules/DOTweenModulePhysics2D.cs
  artifactKey: Guid(230fe34542e175245ba74b4659dae700) Importer(2089858483,0ecaa5967403d082aa24f35e1b516d23)
Start importing Assets/Plugins/Demigiant/DOTween/Modules/DOTweenModulePhysics2D.cs using Guid(230fe34542e175245ba74b4659dae700) Importer(2089858483,0ecaa5967403d082aa24f35e1b516d23) Generated GUIDs only implemented for interfaces!
 -> (artifact id: '6678257b7be0b282dc72cea8b2508871') in 0.007113 seconds
Number of updated asset objects reloaded before import = 0
Number of asset objects unloaded after import = 1
========================================================================
Received Import Request.
  Time since last request: 0.000088 seconds.
  path: Assets/Plugins/Demigiant/DOTween/Editor/DOTweenEditor.dll
  artifactKey: Guid(45d5034162d6cf04dbe46da84fc7d074) Importer(2089858483,0ecaa5967403d082aa24f35e1b516d23)
Start importing Assets/Plugins/Demigiant/DOTween/Editor/DOTweenEditor.dll using Guid(45d5034162d6cf04dbe46da84fc7d074) Importer(2089858483,0ecaa5967403d082aa24f35e1b516d23) Generated GUIDs only implemented for interfaces!
 -> (artifact id: '7249fa189d2e3f29eb34454dbc496bd7') in 0.011176 seconds
Number of updated asset objects reloaded before import = 0
Number of asset objects unloaded after import = 1
========================================================================
Received Import Request.
  Time since last request: 0.000079 seconds.
  path: Assets/Resources/Elizabet.jpg
  artifactKey: Guid(04cec05e732091248b6b25db8207f42d) Importer(2089858483,0ecaa5967403d082aa24f35e1b516d23)
Start importing Assets/Resources/Elizabet.jpg using Guid(04cec05e732091248b6b25db8207f42d) Importer(2089858483,0ecaa5967403d082aa24f35e1b516d23) Generated GUIDs only implemented for interfaces!
 -> (artifact id: 'a1d007ebdd63fda5061056de095aeb1b') in 0.024150 seconds
Number of updated asset objects reloaded before import = 0
Number of asset objects unloaded after import = 3
========================================================================
Received Import Request.
  Time since last request: 0.000025 seconds.
  path: Assets/PreFabs/CardPref 1 1.prefab
  artifactKey: Guid(a3e85ac1002e97543a188cfaeea1b2ee) Importer(2089858483,0ecaa5967403d082aa24f35e1b516d23)
Start importing Assets/PreFabs/CardPref 1 1.prefab using Guid(a3e85ac1002e97543a188cfaeea1b2ee) Importer(2089858483,0ecaa5967403d082aa24f35e1b516d23) Generated GUIDs only implemented for interfaces!
 -> (artifact id: '8ad8e5294015b91d511d87745517514f') in 0.011749 seconds
Number of updated asset objects reloaded before import = 0
Number of asset objects unloaded after import = 21
========================================================================
Received Import Request.
  Time since last request: 0.000048 seconds.
  path: Assets/Resources/Screenshot 2022-01-13 at 22-08-02 Гордон заставка gta 4.png
  artifactKey: Guid(0fd356648d4c5194c8bc18af8e172d1c) Importer(2089858483,0ecaa5967403d082aa24f35e1b516d23)
Start importing Assets/Resources/Screenshot 2022-01-13 at 22-08-02 Гордон заставка gta 4.png using Guid(0fd356648d4c5194c8bc18af8e172d1c) Importer(2089858483,0ecaa5967403d082aa24f35e1b516d23) Generated GUIDs only implemented for interfaces!
 -> (artifact id: '8eeb466307f4ec3adae3283b1186f383') in 0.033100 seconds
Number of updated asset objects reloaded before import = 0
Number of asset objects unloaded after import = 3
========================================================================
Received Import Request.
  Time since last request: 0.000030 seconds.
  path: Assets/Resources/IMG_2830.jpg
  artifactKey: Guid(b7ef0c9268de77a4c9450f6ab22483ea) Importer(2089858483,0ecaa5967403d082aa24f35e1b516d23)
Start importing Assets/Resources/IMG_2830.jpg using Guid(b7ef0c9268de77a4c9450f6ab22483ea) Importer(2089858483,0ecaa5967403d082aa24f35e1b516d23) Generated GUIDs only implemented for interfaces!
 -> (artifact id: '5fec493be3b94e737d44d7d72f9f8e3c') in 0.025913 seconds
Number of updated asset objects reloaded before import = 0
Number of asset objects unloaded after import = 3
========================================================================
Received Import Request.
  Time since last request: 0.000039 seconds.
  path: Assets/Plugins/Demigiant/DOTween/Modules/DOTweenModulePhysics.cs
  artifactKey: Guid(dae9aa560b4242648a3affa2bfabc365) Importer(2089858483,0ecaa5967403d082aa24f35e1b516d23)
Start importing Assets/Plugins/Demigiant/DOTween/Modules/DOTweenModulePhysics.cs using Guid(dae9aa560b4242648a3affa2bfabc365) Importer(2089858483,0ecaa5967403d082aa24f35e1b516d23) Generated GUIDs only implemented for interfaces!
 -> (artifact id: '58b293286f7f4c8a1d31205b09e8c5a7') in 0.005773 seconds
Number of updated asset objects reloaded before import = 0
Number of asset objects unloaded after import = 1
========================================================================
Received Import Request.
  Time since last request: 0.000074 seconds.
  path: Assets/Plugins/Demigiant/DOTween/DOTween.dll
  artifactKey: Guid(a811bde74b26b53498b4f6d872b09b6d) Importer(2089858483,0ecaa5967403d082aa24f35e1b516d23)
Start importing Assets/Plugins/Demigiant/DOTween/DOTween.dll using Guid(a811bde74b26b53498b4f6d872b09b6d) Importer(2089858483,0ecaa5967403d082aa24f35e1b516d23) Generated GUIDs only implemented for interfaces!
 -> (artifact id: '014c96dc0a8477368274143f83cee825') in 0.006086 seconds
Number of updated asset objects reloaded before import = 0
Number of asset objects unloaded after import = 1
========================================================================
Received Import Request.
  Time since last request: 0.000053 seconds.
  path: Assets/TextMesh Pro/Shaders/TMP_SDF-Surface-Mobile.shader
  artifactKey: Guid(85187c2149c549c5b33f0cdb02836b17) Importer(2089858483,0ecaa5967403d082aa24f35e1b516d23)
Start importing Assets/TextMesh Pro/Shaders/TMP_SDF-Surface-Mobile.shader using Guid(85187c2149c549c5b33f0cdb02836b17) Importer(2089858483,0ecaa5967403d082aa24f35e1b516d23) Generated GUIDs only implemented for interfaces!
 -> (artifact id: 'ede59ea711006615355214ab4a5cc237') in 0.012154 seconds
Number of updated asset objects reloaded before import = 0
Number of asset objects unloaded after import = 1
========================================================================
Received Import Request.
  Time since last request: 0.000089 seconds.
  path: Assets/CCG/Sprites/Icons/hearts.png
  artifactKey: Guid(8e4d753bd125e114b9424ced29a3be82) Importer(2089858483,0ecaa5967403d082aa24f35e1b516d23)
Start importing Assets/CCG/Sprites/Icons/hearts.png using Guid(8e4d753bd125e114b9424ced29a3be82) Importer(2089858483,0ecaa5967403d082aa24f35e1b516d23) Generated GUIDs only implemented for interfaces!
 -> (artifact id: '59ddecbfb5ac548120da09bb7775e3df') in 0.027823 seconds
Number of updated asset objects reloaded before import = 0
Number of asset objects unloaded after import = 3
========================================================================
Received Import Request.
  Time since last request: 34.256831 seconds.
  path: Assets/TextMesh Pro/Resources/Fonts & Materials/LiberationSans SDF - Fallback.asset
  artifactKey: Guid(2e498d1c8094910479dc3e1b768306a4) Importer(815301076,1909f56bfc062723c751e8b465ee728b)
Start importing Assets/TextMesh Pro/Resources/Fonts & Materials/LiberationSans SDF - Fallback.asset using Guid(2e498d1c8094910479dc3e1b768306a4) Importer(815301076,1909f56bfc062723c751e8b465ee728b)  -> (artifact id: '6816bf55d1732edab25690a5101589de') in 0.151676 seconds
Number of updated asset objects reloaded before import = 0
Number of asset objects unloaded after import = 6
========================================================================
Received Import Request.
  Time since last request: 1.085088 seconds.
  path: Assets/CCG/Sprites/Cards/MWater.png
  artifactKey: Guid(a66094335773e054fa96757a5d914695) Importer(815301076,1909f56bfc062723c751e8b465ee728b)
Start importing Assets/CCG/Sprites/Cards/MWater.png using Guid(a66094335773e054fa96757a5d914695) Importer(815301076,1909f56bfc062723c751e8b465ee728b)  -> (artifact id: 'c96e34055df4154494729c776fbbfd00') in 0.029134 seconds
Number of updated asset objects reloaded before import = 0
Number of asset objects unloaded after import = 3
========================================================================
Received Import Request.
  Time since last request: 2.877084 seconds.
  path: Assets/CCG/Sprites/Cards/SpellOverlay.png
  artifactKey: Guid(4bd682fec17e0e746aaa43e41ca75250) Importer(815301076,1909f56bfc062723c751e8b465ee728b)
Start importing Assets/CCG/Sprites/Cards/SpellOverlay.png using Guid(4bd682fec17e0e746aaa43e41ca75250) Importer(815301076,1909f56bfc062723c751e8b465ee728b)  -> (artifact id: 'c9c72123ea4424d6557bc9f838508590') in 0.023205 seconds
Number of updated asset objects reloaded before import = 0
Number of asset objects unloaded after import = 3
========================================================================
Received Import Request.
  Time since last request: 0.038109 seconds.
  path: Assets/CCG/Sprites/Arrow/target.png
  artifactKey: Guid(5a3a04e5ec43c4c4c9cef153be98af0c) Importer(815301076,1909f56bfc062723c751e8b465ee728b)
Start importing Assets/CCG/Sprites/Arrow/target.png using Guid(5a3a04e5ec43c4c4c9cef153be98af0c) Importer(815301076,1909f56bfc062723c751e8b465ee728b)  -> (artifact id: '716209f0f14832e12a5c03cdc9885f07') in 0.016934 seconds
Number of updated asset objects reloaded before import = 0
Number of asset objects unloaded after import = 3
========================================================================
Received Import Request.
  Time since last request: 0.043152 seconds.
  path: Assets/CCG/Sprites/Cards/TinierBoard.png
  artifactKey: Guid(6899182ee838d424398c19a3bd6f63ac) Importer(815301076,1909f56bfc062723c751e8b465ee728b)
Start importing Assets/CCG/Sprites/Cards/TinierBoard.png using Guid(6899182ee838d424398c19a3bd6f63ac) Importer(815301076,1909f56bfc062723c751e8b465ee728b)  -> (artifact id: '39406eb979dca39575976ea835a1355d') in 0.023475 seconds
Number of updated asset objects reloaded before import = 0
Number of asset objects unloaded after import = 3
