Using pre-set license
Built from '2022.3/staging' branch; Version is '2022.3.13f1 (5f90a5ebde0f) revision 6262949'; Using compiler version '192829333'; Build Type 'Release'
OS: 'Windows 11  (10.0.22631) 64bit Professional' Language: 'uk' Physical Memory: 7549 MB
BatchMode: 1, IsHumanControllingUs: 0, StartBugReporterOnCrash: 0, Is64bit: 1, IsPro: 1

COMMAND LINE ARGUMENTS:
C:\Program Files\Unity\Hub\Editor\2022.3.13f1\Editor\Unity.exe
-adb2
-batchMode
-noUpm
-name
AssetImportWorker2
-projectPath
D:/Download/Telegram Desktop/CumStome (2)/CumStome
-logFile
Logs/AssetImportWorker2.log
-srvPort
51613
Successfully changed project path to: D:/Download/Telegram Desktop/CumStome (2)/CumStome
D:/Download/Telegram Desktop/CumStome (2)/CumStome
[UnityMemory] Configuration Parameters - Can be set up in boot.config
    "memorysetup-bucket-allocator-granularity=16"
    "memorysetup-bucket-allocator-bucket-count=8"
    "memorysetup-bucket-allocator-block-size=33554432"
    "memorysetup-bucket-allocator-block-count=8"
    "memorysetup-main-allocator-block-size=16777216"
    "memorysetup-thread-allocator-block-size=16777216"
    "memorysetup-gfx-main-allocator-block-size=16777216"
    "memorysetup-gfx-thread-allocator-block-size=16777216"
    "memorysetup-cache-allocator-block-size=4194304"
    "memorysetup-typetree-allocator-block-size=2097152"
    "memorysetup-profiler-bucket-allocator-granularity=16"
    "memorysetup-profiler-bucket-allocator-bucket-count=8"
    "memorysetup-profiler-bucket-allocator-block-size=33554432"
    "memorysetup-profiler-bucket-allocator-block-count=8"
    "memorysetup-profiler-allocator-block-size=16777216"
    "memorysetup-profiler-editor-allocator-block-size=1048576"
    "memorysetup-temp-allocator-size-main=16777216"
    "memorysetup-job-temp-allocator-block-size=2097152"
    "memorysetup-job-temp-allocator-block-size-background=1048576"
    "memorysetup-job-temp-allocator-reduction-small-platforms=262144"
    "memorysetup-allocator-temp-initial-block-size-main=262144"
    "memorysetup-allocator-temp-initial-block-size-worker=262144"
    "memorysetup-temp-allocator-size-background-worker=32768"
    "memorysetup-temp-allocator-size-job-worker=262144"
    "memorysetup-temp-allocator-size-preload-manager=33554432"
    "memorysetup-temp-allocator-size-nav-mesh-worker=65536"
    "memorysetup-temp-allocator-size-audio-worker=65536"
    "memorysetup-temp-allocator-size-cloud-worker=32768"
    "memorysetup-temp-allocator-size-gi-baking-worker=262144"
    "memorysetup-temp-allocator-size-gfx=262144"
Player connection [17432] Host "[IP] 192.168.0.103 [Port] 0 [Flags] 2 [Guid] 100802864 [EditorId] 100802864 [Version] 1048832 [Id] WindowsEditor(7,DESKTOP-OSA0ULO) [Debug] 1 [PackageName] WindowsEditor [ProjectName] Editor" joined multi-casting on [225.0.0.222:54997]...

Player connection [17432] Host "[IP] 192.168.0.103 [Port] 0 [Flags] 2 [Guid] 100802864 [EditorId] 100802864 [Version] 1048832 [Id] WindowsEditor(7,DESKTOP-OSA0ULO) [Debug] 1 [PackageName] WindowsEditor [ProjectName] Editor" joined alternative multi-casting on [225.0.0.222:34997]...

[Physics::Module] Initialized MultithreadedJobDispatcher with 11 workers.
Refreshing native plugins compatible for Editor in 20.06 ms, found 2 plugins.
Preloading 0 native plugins for Editor in 0.00 ms.
Initialize engine version: 2022.3.13f1 (5f90a5ebde0f)
[Subsystems] Discovering subsystems at path C:/Program Files/Unity/Hub/Editor/2022.3.13f1/Editor/Data/Resources/UnitySubsystems
[Subsystems] Discovering subsystems at path D:/Download/Telegram Desktop/CumStome (2)/CumStome/Assets
GfxDevice: creating device client; threaded=0; jobified=0
Direct3D:
    Version:  Direct3D 11.0 [level 11.1]
    Renderer: NVIDIA GeForce GTX 1650 (ID=0x1f99)
    Vendor:   NVIDIA
    VRAM:     3950 MB
    Driver:   31.0.15.4633
Initialize mono
Mono path[0] = 'C:/Program Files/Unity/Hub/Editor/2022.3.13f1/Editor/Data/Managed'
Mono path[1] = 'C:/Program Files/Unity/Hub/Editor/2022.3.13f1/Editor/Data/MonoBleedingEdge/lib/mono/unityjit-win32'
Mono config path = 'C:/Program Files/Unity/Hub/Editor/2022.3.13f1/Editor/Data/MonoBleedingEdge/etc'
Using monoOptions --debugger-agent=transport=dt_socket,embedding=1,server=y,suspend=n,address=127.0.0.1:56476
Begin MonoManager ReloadAssembly
Registering precompiled unity dll's ...
Register platform support module: C:/Program Files/Unity/Hub/Editor/2022.3.13f1/Editor/Data/PlaybackEngines/WebGLSupport/UnityEditor.WebGL.Extensions.dll
Register platform support module: C:/Program Files/Unity/Hub/Editor/2022.3.13f1/Editor/Data/PlaybackEngines/WindowsStandaloneSupport/UnityEditor.WindowsStandalone.Extensions.dll
Registered in 0.010581 seconds.
- Loaded All Assemblies, in  0.518 seconds
Native extension for WindowsStandalone target not found
Native extension for WebGL target not found
Mono: successfully reloaded assembly
- Finished resetting the current domain, in  0.371 seconds
Domain Reload Profiling: 889ms
	BeginReloadAssembly (179ms)
		ExecutionOrderSort (0ms)
		DisableScriptedObjects (0ms)
		BackupInstance (0ms)
		ReleaseScriptingObjects (0ms)
		CreateAndSetChildDomain (1ms)
	RebuildCommonClasses (52ms)
	RebuildNativeTypeToScriptingClass (17ms)
	initialDomainReloadingComplete (82ms)
	LoadAllAssembliesAndSetupDomain (187ms)
		LoadAssemblies (177ms)
		RebuildTransferFunctionScriptingTraits (0ms)
		AnalyzeDomain (185ms)
			TypeCache.Refresh (183ms)
				TypeCache.ScanAssembly (168ms)
			ScanForSourceGeneratedMonoScriptInfo (1ms)
			ResolveRequiredComponents (1ms)
	FinalizeReload (372ms)
		ReleaseScriptCaches (0ms)
		RebuildScriptCaches (0ms)
		SetupLoadedEditorAssemblies (284ms)
			LogAssemblyErrors (0ms)
			InitializePlatformSupportModulesInManaged (12ms)
			SetLoadedEditorAssemblies (8ms)
			RefreshPlugins (0ms)
			BeforeProcessingInitializeOnLoad (3ms)
			ProcessInitializeOnLoadAttributes (193ms)
			ProcessInitializeOnLoadMethodAttributes (68ms)
			AfterProcessingInitializeOnLoad (0ms)
			EditorAssembliesLoaded (0ms)
		ExecutionOrderSort2 (0ms)
		AwakeInstancesAfterBackupRestoration (0ms)
========================================================================
Worker process is ready to serve import requests
Begin MonoManager ReloadAssembly
- Loaded All Assemblies, in  0.739 seconds
Refreshing native plugins compatible for Editor in 1.14 ms, found 2 plugins.
Native extension for WindowsStandalone target not found
Native extension for WebGL target not found
Package Manager log level set to [2]
[Package Manager] Server::EnsureServerProcessIsRunning -- launch failed, reason: Unity was launched with the -noUpm command-line argument
[Package Manager] UpmClient::Send -- Unable to send message (not connected to UPM process).
[Package Manager] Cannot connect to Unity Package Manager local server
Mono: successfully reloaded assembly
- Finished resetting the current domain, in  0.595 seconds
Domain Reload Profiling: 1331ms
	BeginReloadAssembly (199ms)
		ExecutionOrderSort (0ms)
		DisableScriptedObjects (7ms)
		BackupInstance (0ms)
		ReleaseScriptingObjects (0ms)
		CreateAndSetChildDomain (31ms)
	RebuildCommonClasses (47ms)
	RebuildNativeTypeToScriptingClass (13ms)
	initialDomainReloadingComplete (68ms)
	LoadAllAssembliesAndSetupDomain (409ms)
		LoadAssemblies (421ms)
		RebuildTransferFunctionScriptingTraits (0ms)
		AnalyzeDomain (101ms)
			TypeCache.Refresh (88ms)
				TypeCache.ScanAssembly (73ms)
			ScanForSourceGeneratedMonoScriptInfo (10ms)
			ResolveRequiredComponents (3ms)
	FinalizeReload (595ms)
		ReleaseScriptCaches (0ms)
		RebuildScriptCaches (0ms)
		SetupLoadedEditorAssemblies (432ms)
			LogAssemblyErrors (0ms)
			InitializePlatformSupportModulesInManaged (7ms)
			SetLoadedEditorAssemblies (5ms)
			RefreshPlugins (0ms)
			BeforeProcessingInitializeOnLoad (47ms)
			ProcessInitializeOnLoadAttributes (340ms)
			ProcessInitializeOnLoadMethodAttributes (28ms)
			AfterProcessingInitializeOnLoad (6ms)
			EditorAssembliesLoaded (0ms)
		ExecutionOrderSort2 (0ms)
		AwakeInstancesAfterBackupRestoration (7ms)
Launched and connected shader compiler UnityShaderCompiler.exe after 0.06 seconds
Refreshing native plugins compatible for Editor in 1.28 ms, found 2 plugins.
Preloading 0 native plugins for Editor in 0.00 ms.
Unloading 1443 Unused Serialized files (Serialized files now loaded: 0)
Unloading 26 unused Assets / (55.3 KB). Loaded Objects now: 1912.
Memory consumption went from 87.7 MB to 87.7 MB.
Total: 3.519000 ms (FindLiveObjects: 0.146400 ms CreateObjectMapping: 0.042400 ms MarkObjects: 3.206200 ms  DeleteObjects: 0.122100 ms)

AssetImportParameters requested are different than current active one (requested -> active):
  custom:video-encoder-webm-vp8: eb34c28f22e8b96e1ab97ce403110664 -> 
  custom:video-decoder-webm-vp8: 9c59270c3fd7afecdb556c50c9e8de78 -> 
  custom:audio-decoder-ogg-vorbis: bf7c407c2cedff20999df2af8eb42d56 -> 
  custom:SearchIndexIgnoredProperties: e643bd26f0fe6173181afceb89e7c659 -> 
  custom:container-demuxer-ogg: 62fdf1f143b41e24485cea50d1cbac27 -> 
  custom:AudioImporter_EditorPlatform: d09bf68614088b80899f8185d706f6e7 -> 
  custom:CustomObjectIndexerAttribute: 756ad292c208cfabdd7b50bc23989ffe -> 
  custom:container-demuxer-webm: 4f35f7cbe854078d1ac9338744f61a02 -> 
  custom:video-codec-MediaFoundation-h265: 746d11721c4dcdbdad8f713fa42b33f4 -> 
  custom:video-decoder-ogg-theora: a1e56fd34408186e4bbccfd4996cb3dc -> 
  custom:audio-encoder-webm-vorbis: bf7c407c2cedff20999df2af8eb42d56 -> 
  custom:framework-win-MediaFoundation: 216162199b28c13a410421893ffa2e32 -> 
  custom:container-muxer-webm: aa71ff27fc2769a1b78a27578f13a17b -> 
========================================================================
Received Import Request.
  Time since last request: 106556.469427 seconds.
  path: Assets/CCG/Sprites/Icons/hearts.png
  artifactKey: Guid(8e4d753bd125e114b9424ced29a3be82) Importer(815301076,1909f56bfc062723c751e8b465ee728b)
Start importing Assets/CCG/Sprites/Icons/hearts.png using Guid(8e4d753bd125e114b9424ced29a3be82) Importer(815301076,1909f56bfc062723c751e8b465ee728b)  -> (artifact id: '4f6c5946fa04ccac423d4815666f54ac') in 0.126604 seconds
Number of updated asset objects reloaded before import = 0
Number of asset objects unloaded after import = 3
========================================================================
Received Import Request.
  Time since last request: 1.076030 seconds.
  path: Assets/CCG/Sprites/Cards/MainOverlay.png
  artifactKey: Guid(4a9724a342bf28643a9f8a98f0fecb74) Importer(815301076,1909f56bfc062723c751e8b465ee728b)
Start importing Assets/CCG/Sprites/Cards/MainOverlay.png using Guid(4a9724a342bf28643a9f8a98f0fecb74) Importer(815301076,1909f56bfc062723c751e8b465ee728b)  -> (artifact id: '6037e32a1abc4481d1d09f13a5449ed1') in 0.014830 seconds
Number of updated asset objects reloaded before import = 0
Number of asset objects unloaded after import = 3
========================================================================
Received Import Request.
  Time since last request: 0.019644 seconds.
  path: Assets/CCG/Sprites/Icons/moon.png
  artifactKey: Guid(93721e7d915f873448bd19c08391715e) Importer(815301076,1909f56bfc062723c751e8b465ee728b)
Start importing Assets/CCG/Sprites/Icons/moon.png using Guid(93721e7d915f873448bd19c08391715e) Importer(815301076,1909f56bfc062723c751e8b465ee728b)  -> (artifact id: '1beb69379100dc233518fd78aecac4e0') in 0.014240 seconds
Number of updated asset objects reloaded before import = 0
Number of asset objects unloaded after import = 3
========================================================================
Received Import Request.
  Time since last request: 2.891698 seconds.
  path: Assets/CCG/Sprites/Icons/SkullIcon.png
  artifactKey: Guid(f74fb8b4623ea4afcbf6c8e6bb4020b3) Importer(815301076,1909f56bfc062723c751e8b465ee728b)
Start importing Assets/CCG/Sprites/Icons/SkullIcon.png using Guid(f74fb8b4623ea4afcbf6c8e6bb4020b3) Importer(815301076,1909f56bfc062723c751e8b465ee728b)  -> (artifact id: 'e9dce4d6b2781e0bf6f017fe3b8b1772') in 0.026874 seconds
Number of updated asset objects reloaded before import = 0
Number of asset objects unloaded after import = 3
========================================================================
Received Import Request.
  Time since last request: 0.034785 seconds.
  path: Assets/CCG/Sprites/Cards/SWater.png
  artifactKey: Guid(9d0f4f1d63365cf498c0a230e6d04fb5) Importer(815301076,1909f56bfc062723c751e8b465ee728b)
Start importing Assets/CCG/Sprites/Cards/SWater.png using Guid(9d0f4f1d63365cf498c0a230e6d04fb5) Importer(815301076,1909f56bfc062723c751e8b465ee728b)  -> (artifact id: 'a593c62ac38e33aebc79e8971e765369') in 0.022516 seconds
Number of updated asset objects reloaded before import = 0
Number of asset objects unloaded after import = 3
========================================================================
Received Import Request.
  Time since last request: 0.037669 seconds.
  path: Assets/CCG/Sprites/Arrow/target_arrow_head.png
  artifactKey: Guid(76d7d20540375a445863ea109ba14359) Importer(815301076,1909f56bfc062723c751e8b465ee728b)
Start importing Assets/CCG/Sprites/Arrow/target_arrow_head.png using Guid(76d7d20540375a445863ea109ba14359) Importer(815301076,1909f56bfc062723c751e8b465ee728b)  -> (artifact id: '7e95d927367a4e95e92fa51f8a77daeb') in 0.016270 seconds
Number of updated asset objects reloaded before import = 0
Number of asset objects unloaded after import = 3
========================================================================
Received Import Request.
  Time since last request: 0.374609 seconds.
  path: Assets/CCG/Sprites/Cards/TinyBoard.png
  artifactKey: Guid(49ddee4ea1762be4a8aa6f2de855b0d8) Importer(815301076,1909f56bfc062723c751e8b465ee728b)
Start importing Assets/CCG/Sprites/Cards/TinyBoard.png using Guid(49ddee4ea1762be4a8aa6f2de855b0d8) Importer(815301076,1909f56bfc062723c751e8b465ee728b)  -> (artifact id: '1c91a91762308a1348b2221540367d86') in 0.016941 seconds
Number of updated asset objects reloaded before import = 0
Number of asset objects unloaded after import = 3
========================================================================
Received Import Request.
  Time since last request: 1.851493 seconds.
  path: Assets/CCG/Sprites/Portraits/Trainer.png
  artifactKey: Guid(d9669b31d91b84c469de11491d9b8fc8) Importer(815301076,1909f56bfc062723c751e8b465ee728b)
Start importing Assets/CCG/Sprites/Portraits/Trainer.png using Guid(d9669b31d91b84c469de11491d9b8fc8) Importer(815301076,1909f56bfc062723c751e8b465ee728b)  -> (artifact id: '59de64aa1509f422d3bb91dc696ffb09') in 0.047304 seconds
Number of updated asset objects reloaded before import = 0
Number of asset objects unloaded after import = 12
========================================================================
Received Import Request.
  Time since last request: 249.962167 seconds.
  path: Assets/Scenes/menu.unity
  artifactKey: Guid(e3a6875642943b14ea401f975fca3ce0) Importer(815301076,1909f56bfc062723c751e8b465ee728b)
Start importing Assets/Scenes/menu.unity using Guid(e3a6875642943b14ea401f975fca3ce0) Importer(815301076,1909f56bfc062723c751e8b465ee728b)  -> (artifact id: '05344468848e9537799fd602ecd06110') in 0.051962 seconds
Number of updated asset objects reloaded before import = 0
Number of asset objects unloaded after import = 0
========================================================================
Received Import Request.
  Time since last request: 19.784922 seconds.
  path: Assets/Scenes
  artifactKey: Guid(680d25dd89992144899c8e1cd4c04ac1) Importer(815301076,1909f56bfc062723c751e8b465ee728b)
Start importing Assets/Scenes using Guid(680d25dd89992144899c8e1cd4c04ac1) Importer(815301076,1909f56bfc062723c751e8b465ee728b)  -> (artifact id: '6b353f10ad0fb41280da65bf47c42899') in 0.003402 seconds
Number of updated asset objects reloaded before import = 0
Number of asset objects unloaded after import = 0
========================================================================
Received Import Request.
  Time since last request: 251.036595 seconds.
  path: Assets/Scripts/UpdateScore.cs
  artifactKey: Guid(c0e5a1fe8b39d38449c299608416d228) Importer(815301076,1909f56bfc062723c751e8b465ee728b)
Start importing Assets/Scripts/UpdateScore.cs using Guid(c0e5a1fe8b39d38449c299608416d228) Importer(815301076,1909f56bfc062723c751e8b465ee728b)  -> (artifact id: '7c695ce296a1bd4822a06f6464efeef0') in 0.005707 seconds
Number of updated asset objects reloaded before import = 0
Number of asset objects unloaded after import = 0
========================================================================
Received Import Request.
  Time since last request: 0.921523 seconds.
  path: Assets/Scripts/UpdateScore.cs
  artifactKey: Guid(c0e5a1fe8b39d38449c299608416d228) Importer(2089858483,0ecaa5967403d082aa24f35e1b516d23)
Start importing Assets/Scripts/UpdateScore.cs using Guid(c0e5a1fe8b39d38449c299608416d228) Importer(2089858483,0ecaa5967403d082aa24f35e1b516d23) Generated GUIDs only implemented for interfaces!
 -> (artifact id: '89ca9fcc341d41897d861dabd4ca092e') in 0.605727 seconds
Number of updated asset objects reloaded before import = 0
Number of asset objects unloaded after import = 1
========================================================================
Received Import Request.
  Time since last request: 446.870739 seconds.
  path: Assets/Scripts/UpdateScore.cs
  artifactKey: Guid(c0e5a1fe8b39d38449c299608416d228) Importer(815301076,1909f56bfc062723c751e8b465ee728b)
Start importing Assets/Scripts/UpdateScore.cs using Guid(c0e5a1fe8b39d38449c299608416d228) Importer(815301076,1909f56bfc062723c751e8b465ee728b)  -> (artifact id: '391c1f434ff28d1d096adb04096a5aec') in 0.020338 seconds
Number of updated asset objects reloaded before import = 0
Number of asset objects unloaded after import = 0
========================================================================
Received Import Request.
  Time since last request: 0.510329 seconds.
  path: Assets/Scripts/UpdateScore.cs
  artifactKey: Guid(c0e5a1fe8b39d38449c299608416d228) Importer(2089858483,0ecaa5967403d082aa24f35e1b516d23)
Start importing Assets/Scripts/UpdateScore.cs using Guid(c0e5a1fe8b39d38449c299608416d228) Importer(2089858483,0ecaa5967403d082aa24f35e1b516d23) Generated GUIDs only implemented for interfaces!
 -> (artifact id: 'b4f5210f4a6a598f43dc459adced77af') in 0.129827 seconds
Number of updated asset objects reloaded before import = 0
Number of asset objects unloaded after import = 1
